[2025-09-02T00:52:09.583+0000] {processor.py:186} INFO - Started process (PID=165) to work on /opt/airflow/jfmmoduloairflow/dags/jfmpipeline.py
[2025-09-02T00:52:09.767+0000] {processor.py:914} INFO - Processing file /opt/airflow/jfmmoduloairflow/dags/jfmpipeline.py for tasks to queue
[2025-09-02T00:52:10.081+0000] {logging_mixin.py:190} INFO - [2025-09-02T00:52:10.074+0000] {dagbag.py:588} INFO - Filling up the DagBag from /opt/airflow/jfmmoduloairflow/dags/jfmpipeline.py
[2025-09-02T00:52:43.373+0000] {logging_mixin.py:190} INFO - [2025-09-02T00:52:43.371+0000] {timeout.py:68} ERROR - Process timed out, PID: 165
[2025-09-02T00:52:43.461+0000] {logging_mixin.py:190} INFO - [2025-09-02T00:52:43.375+0000] {dagbag.py:387} ERROR - Failed to import: /opt/airflow/jfmmoduloairflow/dags/jfmpipeline.py
Traceback (most recent call last):
  File "/home/airflow/.local/lib/python3.12/site-packages/airflow/models/dagbag.py", line 383, in parse
    loader.exec_module(new_module)
  File "<frozen importlib._bootstrap_external>", line 995, in exec_module
  File "<frozen importlib._bootstrap>", line 488, in _call_with_frames_removed
  File "/opt/airflow/jfmmoduloairflow/dags/jfmpipeline.py", line 16, in <module>
    from modulojfmdados.jfm_carrega_dados import jfm_cria_tabela, jfm_insere_dados_json, jfm_insere_dados_csv, jfm_cria_indice
  File "/opt/airflow/jfmmoduloairflow/dags/modulojfmdados/jfm_carrega_dados.py", line 7, in <module>
    import pandas as pd
  File "/home/airflow/.local/lib/python3.12/site-packages/pandas/__init__.py", line 46, in <module>
    from pandas.core.api import (
  File "/home/airflow/.local/lib/python3.12/site-packages/pandas/core/api.py", line 47, in <module>
    from pandas.core.groupby import (
  File "/home/airflow/.local/lib/python3.12/site-packages/pandas/core/groupby/__init__.py", line 1, in <module>
    from pandas.core.groupby.generic import (
  File "/home/airflow/.local/lib/python3.12/site-packages/pandas/core/groupby/generic.py", line 67, in <module>
    from pandas.core.frame import DataFrame
  File "/home/airflow/.local/lib/python3.12/site-packages/pandas/core/frame.py", line 142, in <module>
    from pandas.core.generic import (
  File "<frozen importlib._bootstrap>", line 1360, in _find_and_load
  File "<frozen importlib._bootstrap>", line 1331, in _find_and_load_unlocked
  File "<frozen importlib._bootstrap>", line 935, in _load_unlocked
  File "<frozen importlib._bootstrap_external>", line 991, in exec_module
  File "<frozen importlib._bootstrap_external>", line 1130, in get_code
  File "<frozen importlib._bootstrap>", line 491, in _verbose_message
  File "/home/airflow/.local/lib/python3.12/site-packages/airflow/utils/timeout.py", line 69, in handle_timeout
    raise AirflowTaskTimeout(self.error_message)
airflow.exceptions.AirflowTaskTimeout: DagBag import timeout for /opt/airflow/jfmmoduloairflow/dags/jfmpipeline.py after 30.0s.
Please take a look at these docs to improve your DAG import time:
* https://airflow.apache.org/docs/apache-airflow/2.10.2/best-practices.html#top-level-python-code
* https://airflow.apache.org/docs/apache-airflow/2.10.2/best-practices.html#reducing-dag-complexity, PID: 165
[2025-09-02T00:52:43.471+0000] {processor.py:927} WARNING - No viable dags retrieved from /opt/airflow/jfmmoduloairflow/dags/jfmpipeline.py
[2025-09-02T00:52:43.559+0000] {processor.py:208} INFO - Processing /opt/airflow/jfmmoduloairflow/dags/jfmpipeline.py took 34.252 seconds
[2025-09-02T00:53:14.856+0000] {processor.py:186} INFO - Started process (PID=171) to work on /opt/airflow/jfmmoduloairflow/dags/jfmpipeline.py
[2025-09-02T00:53:14.897+0000] {processor.py:914} INFO - Processing file /opt/airflow/jfmmoduloairflow/dags/jfmpipeline.py for tasks to queue
[2025-09-02T00:53:14.963+0000] {logging_mixin.py:190} INFO - [2025-09-02T00:53:14.961+0000] {dagbag.py:588} INFO - Filling up the DagBag from /opt/airflow/jfmmoduloairflow/dags/jfmpipeline.py
[2025-09-02T00:53:36.428+0000] {processor.py:925} INFO - DAG(s) 'JFM_Carrega_Dados_RAG' retrieved from /opt/airflow/jfmmoduloairflow/dags/jfmpipeline.py
[2025-09-02T00:53:38.095+0000] {logging_mixin.py:190} INFO - [2025-09-02T00:53:38.091+0000] {override.py:1900} INFO - Created Permission View: can edit on DAG:JFM_Carrega_Dados_RAG
[2025-09-02T00:53:38.133+0000] {logging_mixin.py:190} INFO - [2025-09-02T00:53:38.132+0000] {override.py:1900} INFO - Created Permission View: can delete on DAG:JFM_Carrega_Dados_RAG
[2025-09-02T00:53:38.179+0000] {logging_mixin.py:190} INFO - [2025-09-02T00:53:38.178+0000] {override.py:1900} INFO - Created Permission View: can read on DAG:JFM_Carrega_Dados_RAG
[2025-09-02T00:53:38.222+0000] {logging_mixin.py:190} INFO - [2025-09-02T00:53:38.221+0000] {override.py:1900} INFO - Created Permission View: can delete on DAG Run:JFM_Carrega_Dados_RAG
[2025-09-02T00:53:38.264+0000] {logging_mixin.py:190} INFO - [2025-09-02T00:53:38.263+0000] {override.py:1900} INFO - Created Permission View: can create on DAG Run:JFM_Carrega_Dados_RAG
[2025-09-02T00:53:38.318+0000] {logging_mixin.py:190} INFO - [2025-09-02T00:53:38.317+0000] {override.py:1900} INFO - Created Permission View: menu access on DAG Run:JFM_Carrega_Dados_RAG
[2025-09-02T00:53:38.391+0000] {logging_mixin.py:190} INFO - [2025-09-02T00:53:38.390+0000] {override.py:1900} INFO - Created Permission View: can read on DAG Run:JFM_Carrega_Dados_RAG
[2025-09-02T00:53:38.400+0000] {logging_mixin.py:190} INFO - [2025-09-02T00:53:38.398+0000] {dag.py:3239} INFO - Sync 1 DAGs
[2025-09-02T00:53:38.481+0000] {logging_mixin.py:190} INFO - [2025-09-02T00:53:38.477+0000] {dag.py:3262} INFO - Creating ORM DAG for JFM_Carrega_Dados_RAG
[2025-09-02T00:53:38.538+0000] {logging_mixin.py:190} INFO - [2025-09-02T00:53:38.538+0000] {dag.py:4180} INFO - Setting next_dagrun for JFM_Carrega_Dados_RAG to 2025-09-01 00:00:00+00:00, run_after=2025-09-02 00:00:00+00:00
[2025-09-02T00:53:38.690+0000] {processor.py:208} INFO - Processing /opt/airflow/jfmmoduloairflow/dags/jfmpipeline.py took 24.057 seconds
[2025-09-02T00:54:09.807+0000] {processor.py:186} INFO - Started process (PID=177) to work on /opt/airflow/jfmmoduloairflow/dags/jfmpipeline.py
[2025-09-02T00:54:09.814+0000] {processor.py:914} INFO - Processing file /opt/airflow/jfmmoduloairflow/dags/jfmpipeline.py for tasks to queue
[2025-09-02T00:54:09.832+0000] {logging_mixin.py:190} INFO - [2025-09-02T00:54:09.831+0000] {dagbag.py:588} INFO - Filling up the DagBag from /opt/airflow/jfmmoduloairflow/dags/jfmpipeline.py
[2025-09-02T00:54:18.269+0000] {processor.py:925} INFO - DAG(s) 'JFM_Carrega_Dados_RAG' retrieved from /opt/airflow/jfmmoduloairflow/dags/jfmpipeline.py
[2025-09-02T00:54:18.426+0000] {logging_mixin.py:190} INFO - [2025-09-02T00:54:18.424+0000] {dag.py:3239} INFO - Sync 1 DAGs
[2025-09-02T00:54:18.623+0000] {logging_mixin.py:190} INFO - [2025-09-02T00:54:18.623+0000] {dag.py:4180} INFO - Setting next_dagrun for JFM_Carrega_Dados_RAG to 2025-09-01 00:00:00+00:00, run_after=2025-09-02 00:00:00+00:00
[2025-09-02T00:54:18.800+0000] {processor.py:208} INFO - Processing /opt/airflow/jfmmoduloairflow/dags/jfmpipeline.py took 9.418 seconds
[2025-09-02T00:54:50.760+0000] {processor.py:186} INFO - Started process (PID=183) to work on /opt/airflow/jfmmoduloairflow/dags/jfmpipeline.py
[2025-09-02T00:54:50.793+0000] {processor.py:914} INFO - Processing file /opt/airflow/jfmmoduloairflow/dags/jfmpipeline.py for tasks to queue
[2025-09-02T00:54:50.890+0000] {logging_mixin.py:190} INFO - [2025-09-02T00:54:50.886+0000] {dagbag.py:588} INFO - Filling up the DagBag from /opt/airflow/jfmmoduloairflow/dags/jfmpipeline.py
[2025-09-02T00:55:05.862+0000] {processor.py:925} INFO - DAG(s) 'JFM_Carrega_Dados_RAG' retrieved from /opt/airflow/jfmmoduloairflow/dags/jfmpipeline.py
[2025-09-02T00:55:06.091+0000] {logging_mixin.py:190} INFO - [2025-09-02T00:55:06.090+0000] {dag.py:3239} INFO - Sync 1 DAGs
[2025-09-02T00:55:06.307+0000] {logging_mixin.py:190} INFO - [2025-09-02T00:55:06.306+0000] {dag.py:4180} INFO - Setting next_dagrun for JFM_Carrega_Dados_RAG to 2025-09-01 00:00:00+00:00, run_after=2025-09-02 00:00:00+00:00
[2025-09-02T00:55:06.462+0000] {processor.py:208} INFO - Processing /opt/airflow/jfmmoduloairflow/dags/jfmpipeline.py took 16.031 seconds
[2025-09-02T00:55:40.709+0000] {processor.py:186} INFO - Started process (PID=189) to work on /opt/airflow/jfmmoduloairflow/dags/jfmpipeline.py
[2025-09-02T00:55:40.744+0000] {processor.py:914} INFO - Processing file /opt/airflow/jfmmoduloairflow/dags/jfmpipeline.py for tasks to queue
[2025-09-02T00:55:40.824+0000] {logging_mixin.py:190} INFO - [2025-09-02T00:55:40.822+0000] {dagbag.py:588} INFO - Filling up the DagBag from /opt/airflow/jfmmoduloairflow/dags/jfmpipeline.py
[2025-09-02T00:56:00.415+0000] {processor.py:925} INFO - DAG(s) 'JFM_Carrega_Dados_RAG' retrieved from /opt/airflow/jfmmoduloairflow/dags/jfmpipeline.py
[2025-09-02T00:56:00.844+0000] {logging_mixin.py:190} INFO - [2025-09-02T00:56:00.843+0000] {dag.py:3239} INFO - Sync 1 DAGs
[2025-09-02T00:56:01.212+0000] {logging_mixin.py:190} INFO - [2025-09-02T00:56:01.210+0000] {dag.py:4180} INFO - Setting next_dagrun for JFM_Carrega_Dados_RAG to 2025-09-01 00:00:00+00:00, run_after=2025-09-02 00:00:00+00:00
[2025-09-02T00:56:01.342+0000] {processor.py:208} INFO - Processing /opt/airflow/jfmmoduloairflow/dags/jfmpipeline.py took 20.807 seconds
[2025-09-02T00:56:32.251+0000] {processor.py:186} INFO - Started process (PID=195) to work on /opt/airflow/jfmmoduloairflow/dags/jfmpipeline.py
[2025-09-02T00:56:32.255+0000] {processor.py:914} INFO - Processing file /opt/airflow/jfmmoduloairflow/dags/jfmpipeline.py for tasks to queue
[2025-09-02T00:56:32.263+0000] {logging_mixin.py:190} INFO - [2025-09-02T00:56:32.262+0000] {dagbag.py:588} INFO - Filling up the DagBag from /opt/airflow/jfmmoduloairflow/dags/jfmpipeline.py
[2025-09-02T00:56:34.972+0000] {processor.py:925} INFO - DAG(s) 'JFM_Carrega_Dados_RAG' retrieved from /opt/airflow/jfmmoduloairflow/dags/jfmpipeline.py
[2025-09-02T00:56:35.449+0000] {logging_mixin.py:190} INFO - [2025-09-02T00:56:35.448+0000] {dag.py:3239} INFO - Sync 1 DAGs
[2025-09-02T00:56:35.482+0000] {logging_mixin.py:190} INFO - [2025-09-02T00:56:35.482+0000] {dag.py:4180} INFO - Setting next_dagrun for JFM_Carrega_Dados_RAG to 2025-09-01 00:00:00+00:00, run_after=2025-09-02 00:00:00+00:00
[2025-09-02T00:56:35.566+0000] {processor.py:208} INFO - Processing /opt/airflow/jfmmoduloairflow/dags/jfmpipeline.py took 3.350 seconds
[2025-09-02T00:57:05.843+0000] {processor.py:186} INFO - Started process (PID=201) to work on /opt/airflow/jfmmoduloairflow/dags/jfmpipeline.py
[2025-09-02T00:57:05.847+0000] {processor.py:914} INFO - Processing file /opt/airflow/jfmmoduloairflow/dags/jfmpipeline.py for tasks to queue
[2025-09-02T00:57:05.858+0000] {logging_mixin.py:190} INFO - [2025-09-02T00:57:05.857+0000] {dagbag.py:588} INFO - Filling up the DagBag from /opt/airflow/jfmmoduloairflow/dags/jfmpipeline.py
[2025-09-02T00:57:08.626+0000] {processor.py:925} INFO - DAG(s) 'JFM_Carrega_Dados_RAG' retrieved from /opt/airflow/jfmmoduloairflow/dags/jfmpipeline.py
[2025-09-02T00:57:08.719+0000] {logging_mixin.py:190} INFO - [2025-09-02T00:57:08.717+0000] {dag.py:3239} INFO - Sync 1 DAGs
[2025-09-02T00:57:08.829+0000] {logging_mixin.py:190} INFO - [2025-09-02T00:57:08.828+0000] {dag.py:4180} INFO - Setting next_dagrun for JFM_Carrega_Dados_RAG to 2025-09-01 00:00:00+00:00, run_after=2025-09-02 00:00:00+00:00
[2025-09-02T00:57:08.901+0000] {processor.py:208} INFO - Processing /opt/airflow/jfmmoduloairflow/dags/jfmpipeline.py took 3.082 seconds
[2025-09-02T00:57:40.003+0000] {processor.py:186} INFO - Started process (PID=207) to work on /opt/airflow/jfmmoduloairflow/dags/jfmpipeline.py
[2025-09-02T00:57:40.008+0000] {processor.py:914} INFO - Processing file /opt/airflow/jfmmoduloairflow/dags/jfmpipeline.py for tasks to queue
[2025-09-02T00:57:40.032+0000] {logging_mixin.py:190} INFO - [2025-09-02T00:57:40.030+0000] {dagbag.py:588} INFO - Filling up the DagBag from /opt/airflow/jfmmoduloairflow/dags/jfmpipeline.py
[2025-09-02T00:57:43.194+0000] {processor.py:925} INFO - DAG(s) 'JFM_Carrega_Dados_RAG' retrieved from /opt/airflow/jfmmoduloairflow/dags/jfmpipeline.py
[2025-09-02T00:57:43.289+0000] {logging_mixin.py:190} INFO - [2025-09-02T00:57:43.288+0000] {dag.py:3239} INFO - Sync 1 DAGs
[2025-09-02T00:57:43.351+0000] {logging_mixin.py:190} INFO - [2025-09-02T00:57:43.350+0000] {dag.py:4180} INFO - Setting next_dagrun for JFM_Carrega_Dados_RAG to 2025-09-01 00:00:00+00:00, run_after=2025-09-02 00:00:00+00:00
[2025-09-02T00:57:43.407+0000] {processor.py:208} INFO - Processing /opt/airflow/jfmmoduloairflow/dags/jfmpipeline.py took 3.470 seconds
[2025-09-02T00:58:13.669+0000] {processor.py:186} INFO - Started process (PID=213) to work on /opt/airflow/jfmmoduloairflow/dags/jfmpipeline.py
[2025-09-02T00:58:13.672+0000] {processor.py:914} INFO - Processing file /opt/airflow/jfmmoduloairflow/dags/jfmpipeline.py for tasks to queue
[2025-09-02T00:58:13.679+0000] {logging_mixin.py:190} INFO - [2025-09-02T00:58:13.678+0000] {dagbag.py:588} INFO - Filling up the DagBag from /opt/airflow/jfmmoduloairflow/dags/jfmpipeline.py
[2025-09-02T00:58:17.238+0000] {processor.py:925} INFO - DAG(s) 'JFM_Carrega_Dados_RAG' retrieved from /opt/airflow/jfmmoduloairflow/dags/jfmpipeline.py
[2025-09-02T00:58:17.314+0000] {logging_mixin.py:190} INFO - [2025-09-02T00:58:17.313+0000] {dag.py:3239} INFO - Sync 1 DAGs
[2025-09-02T00:58:17.369+0000] {logging_mixin.py:190} INFO - [2025-09-02T00:58:17.369+0000] {dag.py:4180} INFO - Setting next_dagrun for JFM_Carrega_Dados_RAG to 2025-09-01 00:00:00+00:00, run_after=2025-09-02 00:00:00+00:00
[2025-09-02T00:58:17.414+0000] {processor.py:208} INFO - Processing /opt/airflow/jfmmoduloairflow/dags/jfmpipeline.py took 3.796 seconds
[2025-09-02T00:58:48.369+0000] {processor.py:186} INFO - Started process (PID=219) to work on /opt/airflow/jfmmoduloairflow/dags/jfmpipeline.py
[2025-09-02T00:58:48.377+0000] {processor.py:914} INFO - Processing file /opt/airflow/jfmmoduloairflow/dags/jfmpipeline.py for tasks to queue
[2025-09-02T00:58:48.396+0000] {logging_mixin.py:190} INFO - [2025-09-02T00:58:48.393+0000] {dagbag.py:588} INFO - Filling up the DagBag from /opt/airflow/jfmmoduloairflow/dags/jfmpipeline.py
[2025-09-02T00:58:55.885+0000] {processor.py:925} INFO - DAG(s) 'JFM_Carrega_Dados_RAG' retrieved from /opt/airflow/jfmmoduloairflow/dags/jfmpipeline.py
[2025-09-02T00:58:55.928+0000] {logging_mixin.py:190} INFO - [2025-09-02T00:58:55.927+0000] {dag.py:3239} INFO - Sync 1 DAGs
[2025-09-02T00:58:56.003+0000] {logging_mixin.py:190} INFO - [2025-09-02T00:58:56.003+0000] {dag.py:4180} INFO - Setting next_dagrun for JFM_Carrega_Dados_RAG to 2025-09-01 00:00:00+00:00, run_after=2025-09-02 00:00:00+00:00
[2025-09-02T00:58:56.047+0000] {processor.py:208} INFO - Processing /opt/airflow/jfmmoduloairflow/dags/jfmpipeline.py took 7.714 seconds
[2025-09-02T00:59:26.204+0000] {processor.py:186} INFO - Started process (PID=225) to work on /opt/airflow/jfmmoduloairflow/dags/jfmpipeline.py
[2025-09-02T00:59:26.206+0000] {processor.py:914} INFO - Processing file /opt/airflow/jfmmoduloairflow/dags/jfmpipeline.py for tasks to queue
[2025-09-02T00:59:26.211+0000] {logging_mixin.py:190} INFO - [2025-09-02T00:59:26.210+0000] {dagbag.py:588} INFO - Filling up the DagBag from /opt/airflow/jfmmoduloairflow/dags/jfmpipeline.py
[2025-09-02T00:59:27.856+0000] {processor.py:925} INFO - DAG(s) 'JFM_Carrega_Dados_RAG' retrieved from /opt/airflow/jfmmoduloairflow/dags/jfmpipeline.py
[2025-09-02T00:59:27.903+0000] {logging_mixin.py:190} INFO - [2025-09-02T00:59:27.902+0000] {dag.py:3239} INFO - Sync 1 DAGs
[2025-09-02T00:59:27.945+0000] {logging_mixin.py:190} INFO - [2025-09-02T00:59:27.945+0000] {dag.py:4180} INFO - Setting next_dagrun for JFM_Carrega_Dados_RAG to 2025-09-01 00:00:00+00:00, run_after=2025-09-02 00:00:00+00:00
[2025-09-02T00:59:27.976+0000] {processor.py:208} INFO - Processing /opt/airflow/jfmmoduloairflow/dags/jfmpipeline.py took 1.792 seconds
[2025-09-02T00:59:58.610+0000] {processor.py:186} INFO - Started process (PID=231) to work on /opt/airflow/jfmmoduloairflow/dags/jfmpipeline.py
[2025-09-02T00:59:58.614+0000] {processor.py:914} INFO - Processing file /opt/airflow/jfmmoduloairflow/dags/jfmpipeline.py for tasks to queue
[2025-09-02T00:59:58.630+0000] {logging_mixin.py:190} INFO - [2025-09-02T00:59:58.627+0000] {dagbag.py:588} INFO - Filling up the DagBag from /opt/airflow/jfmmoduloairflow/dags/jfmpipeline.py
[2025-09-02T01:00:04.337+0000] {processor.py:925} INFO - DAG(s) 'JFM_Carrega_Dados_RAG' retrieved from /opt/airflow/jfmmoduloairflow/dags/jfmpipeline.py
[2025-09-02T01:00:04.541+0000] {logging_mixin.py:190} INFO - [2025-09-02T01:00:04.540+0000] {dag.py:3239} INFO - Sync 1 DAGs
[2025-09-02T01:00:04.657+0000] {logging_mixin.py:190} INFO - [2025-09-02T01:00:04.656+0000] {dag.py:4180} INFO - Setting next_dagrun for JFM_Carrega_Dados_RAG to 2025-09-01 00:00:00+00:00, run_after=2025-09-02 00:00:00+00:00
[2025-09-02T01:00:04.747+0000] {processor.py:208} INFO - Processing /opt/airflow/jfmmoduloairflow/dags/jfmpipeline.py took 6.213 seconds
[2025-09-02T01:00:35.889+0000] {processor.py:186} INFO - Started process (PID=237) to work on /opt/airflow/jfmmoduloairflow/dags/jfmpipeline.py
[2025-09-02T01:00:35.893+0000] {processor.py:914} INFO - Processing file /opt/airflow/jfmmoduloairflow/dags/jfmpipeline.py for tasks to queue
[2025-09-02T01:00:35.929+0000] {logging_mixin.py:190} INFO - [2025-09-02T01:00:35.928+0000] {dagbag.py:588} INFO - Filling up the DagBag from /opt/airflow/jfmmoduloairflow/dags/jfmpipeline.py
[2025-09-02T01:00:46.650+0000] {processor.py:925} INFO - DAG(s) 'JFM_Carrega_Dados_RAG' retrieved from /opt/airflow/jfmmoduloairflow/dags/jfmpipeline.py
[2025-09-02T01:00:46.752+0000] {logging_mixin.py:190} INFO - [2025-09-02T01:00:46.750+0000] {dag.py:3239} INFO - Sync 1 DAGs
[2025-09-02T01:00:46.931+0000] {logging_mixin.py:190} INFO - [2025-09-02T01:00:46.930+0000] {dag.py:4180} INFO - Setting next_dagrun for JFM_Carrega_Dados_RAG to 2025-09-01 00:00:00+00:00, run_after=2025-09-02 00:00:00+00:00
[2025-09-02T01:00:47.060+0000] {processor.py:208} INFO - Processing /opt/airflow/jfmmoduloairflow/dags/jfmpipeline.py took 11.367 seconds
[2025-09-02T01:01:17.759+0000] {processor.py:186} INFO - Started process (PID=243) to work on /opt/airflow/jfmmoduloairflow/dags/jfmpipeline.py
[2025-09-02T01:01:17.760+0000] {processor.py:914} INFO - Processing file /opt/airflow/jfmmoduloairflow/dags/jfmpipeline.py for tasks to queue
[2025-09-02T01:01:17.764+0000] {logging_mixin.py:190} INFO - [2025-09-02T01:01:17.763+0000] {dagbag.py:588} INFO - Filling up the DagBag from /opt/airflow/jfmmoduloairflow/dags/jfmpipeline.py
[2025-09-02T01:01:19.203+0000] {processor.py:925} INFO - DAG(s) 'JFM_Carrega_Dados_RAG' retrieved from /opt/airflow/jfmmoduloairflow/dags/jfmpipeline.py
[2025-09-02T01:01:19.274+0000] {logging_mixin.py:190} INFO - [2025-09-02T01:01:19.273+0000] {dag.py:3239} INFO - Sync 1 DAGs
[2025-09-02T01:01:19.323+0000] {logging_mixin.py:190} INFO - [2025-09-02T01:01:19.322+0000] {dag.py:4180} INFO - Setting next_dagrun for JFM_Carrega_Dados_RAG to 2025-09-01 00:00:00+00:00, run_after=2025-09-02 00:00:00+00:00
[2025-09-02T01:01:19.378+0000] {processor.py:208} INFO - Processing /opt/airflow/jfmmoduloairflow/dags/jfmpipeline.py took 1.628 seconds
[2025-09-02T01:01:49.979+0000] {processor.py:186} INFO - Started process (PID=249) to work on /opt/airflow/jfmmoduloairflow/dags/jfmpipeline.py
[2025-09-02T01:01:49.982+0000] {processor.py:914} INFO - Processing file /opt/airflow/jfmmoduloairflow/dags/jfmpipeline.py for tasks to queue
[2025-09-02T01:01:49.990+0000] {logging_mixin.py:190} INFO - [2025-09-02T01:01:49.989+0000] {dagbag.py:588} INFO - Filling up the DagBag from /opt/airflow/jfmmoduloairflow/dags/jfmpipeline.py
[2025-09-02T01:01:52.302+0000] {processor.py:925} INFO - DAG(s) 'JFM_Carrega_Dados_RAG' retrieved from /opt/airflow/jfmmoduloairflow/dags/jfmpipeline.py
[2025-09-02T01:01:52.353+0000] {logging_mixin.py:190} INFO - [2025-09-02T01:01:52.352+0000] {dag.py:3239} INFO - Sync 1 DAGs
[2025-09-02T01:01:52.413+0000] {logging_mixin.py:190} INFO - [2025-09-02T01:01:52.412+0000] {dag.py:4180} INFO - Setting next_dagrun for JFM_Carrega_Dados_RAG to 2025-09-01 00:00:00+00:00, run_after=2025-09-02 00:00:00+00:00
[2025-09-02T01:01:52.466+0000] {processor.py:208} INFO - Processing /opt/airflow/jfmmoduloairflow/dags/jfmpipeline.py took 2.516 seconds
[2025-09-02T01:02:22.920+0000] {processor.py:186} INFO - Started process (PID=255) to work on /opt/airflow/jfmmoduloairflow/dags/jfmpipeline.py
[2025-09-02T01:02:22.923+0000] {processor.py:914} INFO - Processing file /opt/airflow/jfmmoduloairflow/dags/jfmpipeline.py for tasks to queue
[2025-09-02T01:02:22.928+0000] {logging_mixin.py:190} INFO - [2025-09-02T01:02:22.927+0000] {dagbag.py:588} INFO - Filling up the DagBag from /opt/airflow/jfmmoduloairflow/dags/jfmpipeline.py
[2025-09-02T01:02:24.719+0000] {processor.py:925} INFO - DAG(s) 'JFM_Carrega_Dados_RAG' retrieved from /opt/airflow/jfmmoduloairflow/dags/jfmpipeline.py
[2025-09-02T01:02:24.772+0000] {logging_mixin.py:190} INFO - [2025-09-02T01:02:24.771+0000] {dag.py:3239} INFO - Sync 1 DAGs
[2025-09-02T01:02:24.816+0000] {logging_mixin.py:190} INFO - [2025-09-02T01:02:24.815+0000] {dag.py:4180} INFO - Setting next_dagrun for JFM_Carrega_Dados_RAG to 2025-09-01 00:00:00+00:00, run_after=2025-09-02 00:00:00+00:00
[2025-09-02T01:02:24.850+0000] {processor.py:208} INFO - Processing /opt/airflow/jfmmoduloairflow/dags/jfmpipeline.py took 1.943 seconds
[2025-09-02T01:02:55.560+0000] {processor.py:186} INFO - Started process (PID=261) to work on /opt/airflow/jfmmoduloairflow/dags/jfmpipeline.py
[2025-09-02T01:02:55.575+0000] {processor.py:914} INFO - Processing file /opt/airflow/jfmmoduloairflow/dags/jfmpipeline.py for tasks to queue
[2025-09-02T01:02:55.583+0000] {logging_mixin.py:190} INFO - [2025-09-02T01:02:55.582+0000] {dagbag.py:588} INFO - Filling up the DagBag from /opt/airflow/jfmmoduloairflow/dags/jfmpipeline.py
[2025-09-02T01:03:00.605+0000] {processor.py:925} INFO - DAG(s) 'JFM_Carrega_Dados_RAG' retrieved from /opt/airflow/jfmmoduloairflow/dags/jfmpipeline.py
[2025-09-02T01:03:00.952+0000] {logging_mixin.py:190} INFO - [2025-09-02T01:03:00.951+0000] {dag.py:3239} INFO - Sync 1 DAGs
[2025-09-02T01:03:01.095+0000] {logging_mixin.py:190} INFO - [2025-09-02T01:03:01.095+0000] {dag.py:4180} INFO - Setting next_dagrun for JFM_Carrega_Dados_RAG to 2025-09-01 00:00:00+00:00, run_after=2025-09-02 00:00:00+00:00
[2025-09-02T01:03:01.273+0000] {processor.py:208} INFO - Processing /opt/airflow/jfmmoduloairflow/dags/jfmpipeline.py took 5.749 seconds
[2025-09-02T01:03:31.686+0000] {processor.py:186} INFO - Started process (PID=267) to work on /opt/airflow/jfmmoduloairflow/dags/jfmpipeline.py
[2025-09-02T01:03:31.690+0000] {processor.py:914} INFO - Processing file /opt/airflow/jfmmoduloairflow/dags/jfmpipeline.py for tasks to queue
[2025-09-02T01:03:31.695+0000] {logging_mixin.py:190} INFO - [2025-09-02T01:03:31.694+0000] {dagbag.py:588} INFO - Filling up the DagBag from /opt/airflow/jfmmoduloairflow/dags/jfmpipeline.py
[2025-09-02T01:03:33.035+0000] {processor.py:925} INFO - DAG(s) 'JFM_Carrega_Dados_RAG' retrieved from /opt/airflow/jfmmoduloairflow/dags/jfmpipeline.py
[2025-09-02T01:03:33.113+0000] {logging_mixin.py:190} INFO - [2025-09-02T01:03:33.112+0000] {dag.py:3239} INFO - Sync 1 DAGs
[2025-09-02T01:03:33.202+0000] {logging_mixin.py:190} INFO - [2025-09-02T01:03:33.202+0000] {dag.py:4180} INFO - Setting next_dagrun for JFM_Carrega_Dados_RAG to 2025-09-01 00:00:00+00:00, run_after=2025-09-02 00:00:00+00:00
[2025-09-02T01:03:33.291+0000] {processor.py:208} INFO - Processing /opt/airflow/jfmmoduloairflow/dags/jfmpipeline.py took 1.620 seconds
[2025-09-02T01:04:04.008+0000] {processor.py:186} INFO - Started process (PID=281) to work on /opt/airflow/jfmmoduloairflow/dags/jfmpipeline.py
[2025-09-02T01:04:04.011+0000] {processor.py:914} INFO - Processing file /opt/airflow/jfmmoduloairflow/dags/jfmpipeline.py for tasks to queue
[2025-09-02T01:04:04.016+0000] {logging_mixin.py:190} INFO - [2025-09-02T01:04:04.015+0000] {dagbag.py:588} INFO - Filling up the DagBag from /opt/airflow/jfmmoduloairflow/dags/jfmpipeline.py
[2025-09-02T01:04:05.332+0000] {processor.py:925} INFO - DAG(s) 'JFM_Carrega_Dados_RAG' retrieved from /opt/airflow/jfmmoduloairflow/dags/jfmpipeline.py
[2025-09-02T01:04:05.397+0000] {logging_mixin.py:190} INFO - [2025-09-02T01:04:05.396+0000] {dag.py:3239} INFO - Sync 1 DAGs
[2025-09-02T01:04:05.459+0000] {logging_mixin.py:190} INFO - [2025-09-02T01:04:05.459+0000] {dag.py:4180} INFO - Setting next_dagrun for JFM_Carrega_Dados_RAG to 2025-09-02 00:00:00+00:00, run_after=2025-09-03 00:00:00+00:00
[2025-09-02T01:04:05.505+0000] {processor.py:208} INFO - Processing /opt/airflow/jfmmoduloairflow/dags/jfmpipeline.py took 1.512 seconds
[2025-09-02T01:04:35.698+0000] {processor.py:186} INFO - Started process (PID=295) to work on /opt/airflow/jfmmoduloairflow/dags/jfmpipeline.py
[2025-09-02T01:04:35.700+0000] {processor.py:914} INFO - Processing file /opt/airflow/jfmmoduloairflow/dags/jfmpipeline.py for tasks to queue
[2025-09-02T01:04:35.704+0000] {logging_mixin.py:190} INFO - [2025-09-02T01:04:35.703+0000] {dagbag.py:588} INFO - Filling up the DagBag from /opt/airflow/jfmmoduloairflow/dags/jfmpipeline.py
[2025-09-02T01:04:36.949+0000] {processor.py:925} INFO - DAG(s) 'JFM_Carrega_Dados_RAG' retrieved from /opt/airflow/jfmmoduloairflow/dags/jfmpipeline.py
[2025-09-02T01:04:36.990+0000] {logging_mixin.py:190} INFO - [2025-09-02T01:04:36.990+0000] {dag.py:3239} INFO - Sync 1 DAGs
[2025-09-02T01:04:37.035+0000] {logging_mixin.py:190} INFO - [2025-09-02T01:04:37.035+0000] {dag.py:4180} INFO - Setting next_dagrun for JFM_Carrega_Dados_RAG to 2025-09-02 00:00:00+00:00, run_after=2025-09-03 00:00:00+00:00
[2025-09-02T01:04:37.067+0000] {processor.py:208} INFO - Processing /opt/airflow/jfmmoduloairflow/dags/jfmpipeline.py took 1.377 seconds
[2025-09-02T01:05:07.195+0000] {processor.py:186} INFO - Started process (PID=301) to work on /opt/airflow/jfmmoduloairflow/dags/jfmpipeline.py
[2025-09-02T01:05:07.197+0000] {processor.py:914} INFO - Processing file /opt/airflow/jfmmoduloairflow/dags/jfmpipeline.py for tasks to queue
[2025-09-02T01:05:07.207+0000] {logging_mixin.py:190} INFO - [2025-09-02T01:05:07.205+0000] {dagbag.py:588} INFO - Filling up the DagBag from /opt/airflow/jfmmoduloairflow/dags/jfmpipeline.py
[2025-09-02T01:05:08.917+0000] {processor.py:925} INFO - DAG(s) 'JFM_Carrega_Dados_RAG' retrieved from /opt/airflow/jfmmoduloairflow/dags/jfmpipeline.py
[2025-09-02T01:05:08.973+0000] {logging_mixin.py:190} INFO - [2025-09-02T01:05:08.972+0000] {dag.py:3239} INFO - Sync 1 DAGs
[2025-09-02T01:05:09.022+0000] {logging_mixin.py:190} INFO - [2025-09-02T01:05:09.022+0000] {dag.py:4180} INFO - Setting next_dagrun for JFM_Carrega_Dados_RAG to 2025-09-02 00:00:00+00:00, run_after=2025-09-03 00:00:00+00:00
[2025-09-02T01:05:09.064+0000] {processor.py:208} INFO - Processing /opt/airflow/jfmmoduloairflow/dags/jfmpipeline.py took 1.881 seconds
[2025-09-02T01:05:39.509+0000] {processor.py:186} INFO - Started process (PID=307) to work on /opt/airflow/jfmmoduloairflow/dags/jfmpipeline.py
[2025-09-02T01:05:39.511+0000] {processor.py:914} INFO - Processing file /opt/airflow/jfmmoduloairflow/dags/jfmpipeline.py for tasks to queue
[2025-09-02T01:05:39.515+0000] {logging_mixin.py:190} INFO - [2025-09-02T01:05:39.514+0000] {dagbag.py:588} INFO - Filling up the DagBag from /opt/airflow/jfmmoduloairflow/dags/jfmpipeline.py
[2025-09-02T01:05:40.869+0000] {processor.py:925} INFO - DAG(s) 'JFM_Carrega_Dados_RAG' retrieved from /opt/airflow/jfmmoduloairflow/dags/jfmpipeline.py
[2025-09-02T01:05:40.902+0000] {logging_mixin.py:190} INFO - [2025-09-02T01:05:40.901+0000] {dag.py:3239} INFO - Sync 1 DAGs
[2025-09-02T01:05:40.932+0000] {logging_mixin.py:190} INFO - [2025-09-02T01:05:40.931+0000] {dag.py:4180} INFO - Setting next_dagrun for JFM_Carrega_Dados_RAG to 2025-09-02 00:00:00+00:00, run_after=2025-09-03 00:00:00+00:00
[2025-09-02T01:05:40.960+0000] {processor.py:208} INFO - Processing /opt/airflow/jfmmoduloairflow/dags/jfmpipeline.py took 1.464 seconds
[2025-09-02T01:06:11.160+0000] {processor.py:186} INFO - Started process (PID=313) to work on /opt/airflow/jfmmoduloairflow/dags/jfmpipeline.py
[2025-09-02T01:06:11.161+0000] {processor.py:914} INFO - Processing file /opt/airflow/jfmmoduloairflow/dags/jfmpipeline.py for tasks to queue
[2025-09-02T01:06:11.164+0000] {logging_mixin.py:190} INFO - [2025-09-02T01:06:11.164+0000] {dagbag.py:588} INFO - Filling up the DagBag from /opt/airflow/jfmmoduloairflow/dags/jfmpipeline.py
[2025-09-02T01:06:11.960+0000] {processor.py:925} INFO - DAG(s) 'JFM_Carrega_Dados_RAG' retrieved from /opt/airflow/jfmmoduloairflow/dags/jfmpipeline.py
[2025-09-02T01:06:11.985+0000] {logging_mixin.py:190} INFO - [2025-09-02T01:06:11.984+0000] {dag.py:3239} INFO - Sync 1 DAGs
[2025-09-02T01:06:12.008+0000] {logging_mixin.py:190} INFO - [2025-09-02T01:06:12.008+0000] {dag.py:4180} INFO - Setting next_dagrun for JFM_Carrega_Dados_RAG to 2025-09-02 00:00:00+00:00, run_after=2025-09-03 00:00:00+00:00
[2025-09-02T01:06:12.028+0000] {processor.py:208} INFO - Processing /opt/airflow/jfmmoduloairflow/dags/jfmpipeline.py took 0.876 seconds
[2025-09-02T01:06:42.478+0000] {processor.py:186} INFO - Started process (PID=319) to work on /opt/airflow/jfmmoduloairflow/dags/jfmpipeline.py
[2025-09-02T01:06:42.480+0000] {processor.py:914} INFO - Processing file /opt/airflow/jfmmoduloairflow/dags/jfmpipeline.py for tasks to queue
[2025-09-02T01:06:42.483+0000] {logging_mixin.py:190} INFO - [2025-09-02T01:06:42.483+0000] {dagbag.py:588} INFO - Filling up the DagBag from /opt/airflow/jfmmoduloairflow/dags/jfmpipeline.py
[2025-09-02T01:06:43.365+0000] {processor.py:925} INFO - DAG(s) 'JFM_Carrega_Dados_RAG' retrieved from /opt/airflow/jfmmoduloairflow/dags/jfmpipeline.py
[2025-09-02T01:06:43.395+0000] {logging_mixin.py:190} INFO - [2025-09-02T01:06:43.394+0000] {dag.py:3239} INFO - Sync 1 DAGs
[2025-09-02T01:06:43.422+0000] {logging_mixin.py:190} INFO - [2025-09-02T01:06:43.421+0000] {dag.py:4180} INFO - Setting next_dagrun for JFM_Carrega_Dados_RAG to 2025-09-02 00:00:00+00:00, run_after=2025-09-03 00:00:00+00:00
[2025-09-02T01:06:43.447+0000] {processor.py:208} INFO - Processing /opt/airflow/jfmmoduloairflow/dags/jfmpipeline.py took 0.977 seconds
[2025-09-02T01:07:14.435+0000] {processor.py:186} INFO - Started process (PID=325) to work on /opt/airflow/jfmmoduloairflow/dags/jfmpipeline.py
[2025-09-02T01:07:14.437+0000] {processor.py:914} INFO - Processing file /opt/airflow/jfmmoduloairflow/dags/jfmpipeline.py for tasks to queue
[2025-09-02T01:07:14.441+0000] {logging_mixin.py:190} INFO - [2025-09-02T01:07:14.441+0000] {dagbag.py:588} INFO - Filling up the DagBag from /opt/airflow/jfmmoduloairflow/dags/jfmpipeline.py
[2025-09-02T01:07:16.589+0000] {processor.py:925} INFO - DAG(s) 'JFM_Carrega_Dados_RAG' retrieved from /opt/airflow/jfmmoduloairflow/dags/jfmpipeline.py
[2025-09-02T01:07:16.679+0000] {logging_mixin.py:190} INFO - [2025-09-02T01:07:16.678+0000] {dag.py:3239} INFO - Sync 1 DAGs
[2025-09-02T01:07:16.811+0000] {logging_mixin.py:190} INFO - [2025-09-02T01:07:16.810+0000] {dag.py:4180} INFO - Setting next_dagrun for JFM_Carrega_Dados_RAG to 2025-09-02 00:00:00+00:00, run_after=2025-09-03 00:00:00+00:00
[2025-09-02T01:07:16.915+0000] {processor.py:208} INFO - Processing /opt/airflow/jfmmoduloairflow/dags/jfmpipeline.py took 2.486 seconds
[2025-09-02T01:07:47.434+0000] {processor.py:186} INFO - Started process (PID=331) to work on /opt/airflow/jfmmoduloairflow/dags/jfmpipeline.py
[2025-09-02T01:07:47.436+0000] {processor.py:914} INFO - Processing file /opt/airflow/jfmmoduloairflow/dags/jfmpipeline.py for tasks to queue
[2025-09-02T01:07:47.444+0000] {logging_mixin.py:190} INFO - [2025-09-02T01:07:47.443+0000] {dagbag.py:588} INFO - Filling up the DagBag from /opt/airflow/jfmmoduloairflow/dags/jfmpipeline.py
[2025-09-02T01:07:49.095+0000] {processor.py:925} INFO - DAG(s) 'JFM_Carrega_Dados_RAG' retrieved from /opt/airflow/jfmmoduloairflow/dags/jfmpipeline.py
[2025-09-02T01:07:49.186+0000] {logging_mixin.py:190} INFO - [2025-09-02T01:07:49.185+0000] {dag.py:3239} INFO - Sync 1 DAGs
[2025-09-02T01:07:49.275+0000] {logging_mixin.py:190} INFO - [2025-09-02T01:07:49.275+0000] {dag.py:4180} INFO - Setting next_dagrun for JFM_Carrega_Dados_RAG to 2025-09-02 00:00:00+00:00, run_after=2025-09-03 00:00:00+00:00
[2025-09-02T01:07:49.322+0000] {processor.py:208} INFO - Processing /opt/airflow/jfmmoduloairflow/dags/jfmpipeline.py took 1.907 seconds
[2025-09-02T01:08:19.728+0000] {processor.py:186} INFO - Started process (PID=337) to work on /opt/airflow/jfmmoduloairflow/dags/jfmpipeline.py
[2025-09-02T01:08:19.730+0000] {processor.py:914} INFO - Processing file /opt/airflow/jfmmoduloairflow/dags/jfmpipeline.py for tasks to queue
[2025-09-02T01:08:19.733+0000] {logging_mixin.py:190} INFO - [2025-09-02T01:08:19.732+0000] {dagbag.py:588} INFO - Filling up the DagBag from /opt/airflow/jfmmoduloairflow/dags/jfmpipeline.py
[2025-09-02T01:08:20.592+0000] {processor.py:925} INFO - DAG(s) 'JFM_Carrega_Dados_RAG' retrieved from /opt/airflow/jfmmoduloairflow/dags/jfmpipeline.py
[2025-09-02T01:08:20.620+0000] {logging_mixin.py:190} INFO - [2025-09-02T01:08:20.619+0000] {dag.py:3239} INFO - Sync 1 DAGs
[2025-09-02T01:08:20.676+0000] {logging_mixin.py:190} INFO - [2025-09-02T01:08:20.676+0000] {dag.py:4180} INFO - Setting next_dagrun for JFM_Carrega_Dados_RAG to 2025-09-02 00:00:00+00:00, run_after=2025-09-03 00:00:00+00:00
[2025-09-02T01:08:20.730+0000] {processor.py:208} INFO - Processing /opt/airflow/jfmmoduloairflow/dags/jfmpipeline.py took 1.008 seconds
[2025-09-02T01:08:51.203+0000] {processor.py:186} INFO - Started process (PID=343) to work on /opt/airflow/jfmmoduloairflow/dags/jfmpipeline.py
[2025-09-02T01:08:51.207+0000] {processor.py:914} INFO - Processing file /opt/airflow/jfmmoduloairflow/dags/jfmpipeline.py for tasks to queue
[2025-09-02T01:08:51.214+0000] {logging_mixin.py:190} INFO - [2025-09-02T01:08:51.212+0000] {dagbag.py:588} INFO - Filling up the DagBag from /opt/airflow/jfmmoduloairflow/dags/jfmpipeline.py
[2025-09-02T01:08:52.683+0000] {processor.py:925} INFO - DAG(s) 'JFM_Carrega_Dados_RAG' retrieved from /opt/airflow/jfmmoduloairflow/dags/jfmpipeline.py
[2025-09-02T01:08:52.757+0000] {logging_mixin.py:190} INFO - [2025-09-02T01:08:52.757+0000] {dag.py:3239} INFO - Sync 1 DAGs
[2025-09-02T01:08:52.836+0000] {logging_mixin.py:190} INFO - [2025-09-02T01:08:52.836+0000] {dag.py:4180} INFO - Setting next_dagrun for JFM_Carrega_Dados_RAG to 2025-09-02 00:00:00+00:00, run_after=2025-09-03 00:00:00+00:00
[2025-09-02T01:08:52.886+0000] {processor.py:208} INFO - Processing /opt/airflow/jfmmoduloairflow/dags/jfmpipeline.py took 1.702 seconds
[2025-09-02T01:09:23.307+0000] {processor.py:186} INFO - Started process (PID=349) to work on /opt/airflow/jfmmoduloairflow/dags/jfmpipeline.py
[2025-09-02T01:09:23.311+0000] {processor.py:914} INFO - Processing file /opt/airflow/jfmmoduloairflow/dags/jfmpipeline.py for tasks to queue
[2025-09-02T01:09:23.315+0000] {logging_mixin.py:190} INFO - [2025-09-02T01:09:23.314+0000] {dagbag.py:588} INFO - Filling up the DagBag from /opt/airflow/jfmmoduloairflow/dags/jfmpipeline.py
[2025-09-02T01:09:24.982+0000] {processor.py:925} INFO - DAG(s) 'JFM_Carrega_Dados_RAG' retrieved from /opt/airflow/jfmmoduloairflow/dags/jfmpipeline.py
[2025-09-02T01:09:25.170+0000] {logging_mixin.py:190} INFO - [2025-09-02T01:09:25.169+0000] {dag.py:3239} INFO - Sync 1 DAGs
[2025-09-02T01:09:25.368+0000] {logging_mixin.py:190} INFO - [2025-09-02T01:09:25.367+0000] {dag.py:4180} INFO - Setting next_dagrun for JFM_Carrega_Dados_RAG to 2025-09-02 00:00:00+00:00, run_after=2025-09-03 00:00:00+00:00
[2025-09-02T01:09:25.504+0000] {processor.py:208} INFO - Processing /opt/airflow/jfmmoduloairflow/dags/jfmpipeline.py took 2.208 seconds
[2025-09-02T01:09:55.686+0000] {processor.py:186} INFO - Started process (PID=355) to work on /opt/airflow/jfmmoduloairflow/dags/jfmpipeline.py
[2025-09-02T01:09:55.688+0000] {processor.py:914} INFO - Processing file /opt/airflow/jfmmoduloairflow/dags/jfmpipeline.py for tasks to queue
[2025-09-02T01:09:55.694+0000] {logging_mixin.py:190} INFO - [2025-09-02T01:09:55.693+0000] {dagbag.py:588} INFO - Filling up the DagBag from /opt/airflow/jfmmoduloairflow/dags/jfmpipeline.py
[2025-09-02T01:09:57.226+0000] {processor.py:925} INFO - DAG(s) 'JFM_Carrega_Dados_RAG' retrieved from /opt/airflow/jfmmoduloairflow/dags/jfmpipeline.py
[2025-09-02T01:09:57.317+0000] {logging_mixin.py:190} INFO - [2025-09-02T01:09:57.316+0000] {dag.py:3239} INFO - Sync 1 DAGs
[2025-09-02T01:09:57.398+0000] {logging_mixin.py:190} INFO - [2025-09-02T01:09:57.397+0000] {dag.py:4180} INFO - Setting next_dagrun for JFM_Carrega_Dados_RAG to 2025-09-02 00:00:00+00:00, run_after=2025-09-03 00:00:00+00:00
[2025-09-02T01:09:57.443+0000] {processor.py:208} INFO - Processing /opt/airflow/jfmmoduloairflow/dags/jfmpipeline.py took 1.771 seconds
[2025-09-02T01:10:27.905+0000] {processor.py:186} INFO - Started process (PID=361) to work on /opt/airflow/jfmmoduloairflow/dags/jfmpipeline.py
[2025-09-02T01:10:27.907+0000] {processor.py:914} INFO - Processing file /opt/airflow/jfmmoduloairflow/dags/jfmpipeline.py for tasks to queue
[2025-09-02T01:10:27.910+0000] {logging_mixin.py:190} INFO - [2025-09-02T01:10:27.910+0000] {dagbag.py:588} INFO - Filling up the DagBag from /opt/airflow/jfmmoduloairflow/dags/jfmpipeline.py
[2025-09-02T01:10:28.624+0000] {processor.py:925} INFO - DAG(s) 'JFM_Carrega_Dados_RAG' retrieved from /opt/airflow/jfmmoduloairflow/dags/jfmpipeline.py
[2025-09-02T01:10:28.644+0000] {logging_mixin.py:190} INFO - [2025-09-02T01:10:28.644+0000] {dag.py:3239} INFO - Sync 1 DAGs
[2025-09-02T01:10:28.665+0000] {logging_mixin.py:190} INFO - [2025-09-02T01:10:28.665+0000] {dag.py:4180} INFO - Setting next_dagrun for JFM_Carrega_Dados_RAG to 2025-09-02 00:00:00+00:00, run_after=2025-09-03 00:00:00+00:00
[2025-09-02T01:10:28.686+0000] {processor.py:208} INFO - Processing /opt/airflow/jfmmoduloairflow/dags/jfmpipeline.py took 0.788 seconds
[2025-09-02T01:10:59.081+0000] {processor.py:186} INFO - Started process (PID=367) to work on /opt/airflow/jfmmoduloairflow/dags/jfmpipeline.py
[2025-09-02T01:10:59.083+0000] {processor.py:914} INFO - Processing file /opt/airflow/jfmmoduloairflow/dags/jfmpipeline.py for tasks to queue
[2025-09-02T01:10:59.086+0000] {logging_mixin.py:190} INFO - [2025-09-02T01:10:59.085+0000] {dagbag.py:588} INFO - Filling up the DagBag from /opt/airflow/jfmmoduloairflow/dags/jfmpipeline.py
[2025-09-02T01:10:59.970+0000] {processor.py:925} INFO - DAG(s) 'JFM_Carrega_Dados_RAG' retrieved from /opt/airflow/jfmmoduloairflow/dags/jfmpipeline.py
[2025-09-02T01:11:00.004+0000] {logging_mixin.py:190} INFO - [2025-09-02T01:11:00.003+0000] {dag.py:3239} INFO - Sync 1 DAGs
[2025-09-02T01:11:00.104+0000] {logging_mixin.py:190} INFO - [2025-09-02T01:11:00.103+0000] {dag.py:4180} INFO - Setting next_dagrun for JFM_Carrega_Dados_RAG to 2025-09-02 00:00:00+00:00, run_after=2025-09-03 00:00:00+00:00
[2025-09-02T01:11:00.144+0000] {processor.py:208} INFO - Processing /opt/airflow/jfmmoduloairflow/dags/jfmpipeline.py took 1.072 seconds
[2025-09-02T01:11:30.367+0000] {processor.py:186} INFO - Started process (PID=373) to work on /opt/airflow/jfmmoduloairflow/dags/jfmpipeline.py
[2025-09-02T01:11:30.369+0000] {processor.py:914} INFO - Processing file /opt/airflow/jfmmoduloairflow/dags/jfmpipeline.py for tasks to queue
[2025-09-02T01:11:30.374+0000] {logging_mixin.py:190} INFO - [2025-09-02T01:11:30.373+0000] {dagbag.py:588} INFO - Filling up the DagBag from /opt/airflow/jfmmoduloairflow/dags/jfmpipeline.py
[2025-09-02T01:11:31.379+0000] {processor.py:925} INFO - DAG(s) 'JFM_Carrega_Dados_RAG' retrieved from /opt/airflow/jfmmoduloairflow/dags/jfmpipeline.py
[2025-09-02T01:11:31.448+0000] {logging_mixin.py:190} INFO - [2025-09-02T01:11:31.447+0000] {dag.py:3239} INFO - Sync 1 DAGs
[2025-09-02T01:11:31.535+0000] {logging_mixin.py:190} INFO - [2025-09-02T01:11:31.535+0000] {dag.py:4180} INFO - Setting next_dagrun for JFM_Carrega_Dados_RAG to 2025-09-02 00:00:00+00:00, run_after=2025-09-03 00:00:00+00:00
[2025-09-02T01:11:31.574+0000] {processor.py:208} INFO - Processing /opt/airflow/jfmmoduloairflow/dags/jfmpipeline.py took 1.218 seconds
[2025-09-02T01:12:02.112+0000] {processor.py:186} INFO - Started process (PID=379) to work on /opt/airflow/jfmmoduloairflow/dags/jfmpipeline.py
[2025-09-02T01:12:02.115+0000] {processor.py:914} INFO - Processing file /opt/airflow/jfmmoduloairflow/dags/jfmpipeline.py for tasks to queue
[2025-09-02T01:12:02.122+0000] {logging_mixin.py:190} INFO - [2025-09-02T01:12:02.121+0000] {dagbag.py:588} INFO - Filling up the DagBag from /opt/airflow/jfmmoduloairflow/dags/jfmpipeline.py
[2025-09-02T01:12:03.798+0000] {processor.py:925} INFO - DAG(s) 'JFM_Carrega_Dados_RAG' retrieved from /opt/airflow/jfmmoduloairflow/dags/jfmpipeline.py
[2025-09-02T01:12:03.938+0000] {logging_mixin.py:190} INFO - [2025-09-02T01:12:03.937+0000] {dag.py:3239} INFO - Sync 1 DAGs
[2025-09-02T01:12:04.061+0000] {logging_mixin.py:190} INFO - [2025-09-02T01:12:04.060+0000] {dag.py:4180} INFO - Setting next_dagrun for JFM_Carrega_Dados_RAG to 2025-09-02 00:00:00+00:00, run_after=2025-09-03 00:00:00+00:00
[2025-09-02T01:12:04.126+0000] {processor.py:208} INFO - Processing /opt/airflow/jfmmoduloairflow/dags/jfmpipeline.py took 2.028 seconds
[2025-09-02T01:12:34.522+0000] {processor.py:186} INFO - Started process (PID=385) to work on /opt/airflow/jfmmoduloairflow/dags/jfmpipeline.py
[2025-09-02T01:12:34.524+0000] {processor.py:914} INFO - Processing file /opt/airflow/jfmmoduloairflow/dags/jfmpipeline.py for tasks to queue
[2025-09-02T01:12:34.528+0000] {logging_mixin.py:190} INFO - [2025-09-02T01:12:34.527+0000] {dagbag.py:588} INFO - Filling up the DagBag from /opt/airflow/jfmmoduloairflow/dags/jfmpipeline.py
[2025-09-02T01:12:35.382+0000] {processor.py:925} INFO - DAG(s) 'JFM_Carrega_Dados_RAG' retrieved from /opt/airflow/jfmmoduloairflow/dags/jfmpipeline.py
[2025-09-02T01:12:35.412+0000] {logging_mixin.py:190} INFO - [2025-09-02T01:12:35.412+0000] {dag.py:3239} INFO - Sync 1 DAGs
[2025-09-02T01:12:35.440+0000] {logging_mixin.py:190} INFO - [2025-09-02T01:12:35.439+0000] {dag.py:4180} INFO - Setting next_dagrun for JFM_Carrega_Dados_RAG to 2025-09-02 00:00:00+00:00, run_after=2025-09-03 00:00:00+00:00
[2025-09-02T01:12:35.465+0000] {processor.py:208} INFO - Processing /opt/airflow/jfmmoduloairflow/dags/jfmpipeline.py took 0.951 seconds
[2025-09-02T01:13:05.929+0000] {processor.py:186} INFO - Started process (PID=391) to work on /opt/airflow/jfmmoduloairflow/dags/jfmpipeline.py
[2025-09-02T01:13:05.931+0000] {processor.py:914} INFO - Processing file /opt/airflow/jfmmoduloairflow/dags/jfmpipeline.py for tasks to queue
[2025-09-02T01:13:05.934+0000] {logging_mixin.py:190} INFO - [2025-09-02T01:13:05.934+0000] {dagbag.py:588} INFO - Filling up the DagBag from /opt/airflow/jfmmoduloairflow/dags/jfmpipeline.py
[2025-09-02T01:13:07.460+0000] {processor.py:925} INFO - DAG(s) 'JFM_Carrega_Dados_RAG' retrieved from /opt/airflow/jfmmoduloairflow/dags/jfmpipeline.py
[2025-09-02T01:13:07.493+0000] {logging_mixin.py:190} INFO - [2025-09-02T01:13:07.493+0000] {dag.py:3239} INFO - Sync 1 DAGs
[2025-09-02T01:13:07.539+0000] {logging_mixin.py:190} INFO - [2025-09-02T01:13:07.538+0000] {dag.py:4180} INFO - Setting next_dagrun for JFM_Carrega_Dados_RAG to 2025-09-02 00:00:00+00:00, run_after=2025-09-03 00:00:00+00:00
[2025-09-02T01:13:07.567+0000] {processor.py:208} INFO - Processing /opt/airflow/jfmmoduloairflow/dags/jfmpipeline.py took 1.646 seconds
[2025-09-02T01:13:37.979+0000] {processor.py:186} INFO - Started process (PID=397) to work on /opt/airflow/jfmmoduloairflow/dags/jfmpipeline.py
[2025-09-02T01:13:37.981+0000] {processor.py:914} INFO - Processing file /opt/airflow/jfmmoduloairflow/dags/jfmpipeline.py for tasks to queue
[2025-09-02T01:13:37.984+0000] {logging_mixin.py:190} INFO - [2025-09-02T01:13:37.984+0000] {dagbag.py:588} INFO - Filling up the DagBag from /opt/airflow/jfmmoduloairflow/dags/jfmpipeline.py
[2025-09-02T01:13:39.027+0000] {processor.py:925} INFO - DAG(s) 'JFM_Carrega_Dados_RAG' retrieved from /opt/airflow/jfmmoduloairflow/dags/jfmpipeline.py
[2025-09-02T01:13:39.081+0000] {logging_mixin.py:190} INFO - [2025-09-02T01:13:39.081+0000] {dag.py:3239} INFO - Sync 1 DAGs
[2025-09-02T01:13:39.147+0000] {logging_mixin.py:190} INFO - [2025-09-02T01:13:39.147+0000] {dag.py:4180} INFO - Setting next_dagrun for JFM_Carrega_Dados_RAG to 2025-09-02 00:00:00+00:00, run_after=2025-09-03 00:00:00+00:00
[2025-09-02T01:13:39.187+0000] {processor.py:208} INFO - Processing /opt/airflow/jfmmoduloairflow/dags/jfmpipeline.py took 1.218 seconds
[2025-09-02T01:14:09.415+0000] {processor.py:186} INFO - Started process (PID=403) to work on /opt/airflow/jfmmoduloairflow/dags/jfmpipeline.py
[2025-09-02T01:14:09.417+0000] {processor.py:914} INFO - Processing file /opt/airflow/jfmmoduloairflow/dags/jfmpipeline.py for tasks to queue
[2025-09-02T01:14:09.424+0000] {logging_mixin.py:190} INFO - [2025-09-02T01:14:09.423+0000] {dagbag.py:588} INFO - Filling up the DagBag from /opt/airflow/jfmmoduloairflow/dags/jfmpipeline.py
[2025-09-02T01:14:10.447+0000] {processor.py:925} INFO - DAG(s) 'JFM_Carrega_Dados_RAG' retrieved from /opt/airflow/jfmmoduloairflow/dags/jfmpipeline.py
[2025-09-02T01:14:10.513+0000] {logging_mixin.py:190} INFO - [2025-09-02T01:14:10.513+0000] {dag.py:3239} INFO - Sync 1 DAGs
[2025-09-02T01:14:10.605+0000] {logging_mixin.py:190} INFO - [2025-09-02T01:14:10.605+0000] {dag.py:4180} INFO - Setting next_dagrun for JFM_Carrega_Dados_RAG to 2025-09-02 00:00:00+00:00, run_after=2025-09-03 00:00:00+00:00
[2025-09-02T01:14:10.656+0000] {processor.py:208} INFO - Processing /opt/airflow/jfmmoduloairflow/dags/jfmpipeline.py took 1.255 seconds
[2025-09-02T01:14:41.144+0000] {processor.py:186} INFO - Started process (PID=409) to work on /opt/airflow/jfmmoduloairflow/dags/jfmpipeline.py
[2025-09-02T01:14:41.147+0000] {processor.py:914} INFO - Processing file /opt/airflow/jfmmoduloairflow/dags/jfmpipeline.py for tasks to queue
[2025-09-02T01:14:41.155+0000] {logging_mixin.py:190} INFO - [2025-09-02T01:14:41.154+0000] {dagbag.py:588} INFO - Filling up the DagBag from /opt/airflow/jfmmoduloairflow/dags/jfmpipeline.py
[2025-09-02T01:14:42.466+0000] {processor.py:925} INFO - DAG(s) 'JFM_Carrega_Dados_RAG' retrieved from /opt/airflow/jfmmoduloairflow/dags/jfmpipeline.py
[2025-09-02T01:14:42.499+0000] {logging_mixin.py:190} INFO - [2025-09-02T01:14:42.498+0000] {dag.py:3239} INFO - Sync 1 DAGs
[2025-09-02T01:14:42.527+0000] {logging_mixin.py:190} INFO - [2025-09-02T01:14:42.526+0000] {dag.py:4180} INFO - Setting next_dagrun for JFM_Carrega_Dados_RAG to 2025-09-02 00:00:00+00:00, run_after=2025-09-03 00:00:00+00:00
[2025-09-02T01:14:42.636+0000] {processor.py:208} INFO - Processing /opt/airflow/jfmmoduloairflow/dags/jfmpipeline.py took 1.511 seconds
[2025-09-02T01:15:13.272+0000] {processor.py:186} INFO - Started process (PID=415) to work on /opt/airflow/jfmmoduloairflow/dags/jfmpipeline.py
[2025-09-02T01:15:13.274+0000] {processor.py:914} INFO - Processing file /opt/airflow/jfmmoduloairflow/dags/jfmpipeline.py for tasks to queue
[2025-09-02T01:15:13.279+0000] {logging_mixin.py:190} INFO - [2025-09-02T01:15:13.279+0000] {dagbag.py:588} INFO - Filling up the DagBag from /opt/airflow/jfmmoduloairflow/dags/jfmpipeline.py
[2025-09-02T01:15:14.215+0000] {processor.py:925} INFO - DAG(s) 'JFM_Carrega_Dados_RAG' retrieved from /opt/airflow/jfmmoduloairflow/dags/jfmpipeline.py
[2025-09-02T01:15:14.244+0000] {logging_mixin.py:190} INFO - [2025-09-02T01:15:14.244+0000] {dag.py:3239} INFO - Sync 1 DAGs
[2025-09-02T01:15:14.273+0000] {logging_mixin.py:190} INFO - [2025-09-02T01:15:14.273+0000] {dag.py:4180} INFO - Setting next_dagrun for JFM_Carrega_Dados_RAG to 2025-09-02 00:00:00+00:00, run_after=2025-09-03 00:00:00+00:00
[2025-09-02T01:15:14.301+0000] {processor.py:208} INFO - Processing /opt/airflow/jfmmoduloairflow/dags/jfmpipeline.py took 1.038 seconds
[2025-09-02T01:15:44.636+0000] {processor.py:186} INFO - Started process (PID=421) to work on /opt/airflow/jfmmoduloairflow/dags/jfmpipeline.py
[2025-09-02T01:15:44.638+0000] {processor.py:914} INFO - Processing file /opt/airflow/jfmmoduloairflow/dags/jfmpipeline.py for tasks to queue
[2025-09-02T01:15:44.641+0000] {logging_mixin.py:190} INFO - [2025-09-02T01:15:44.641+0000] {dagbag.py:588} INFO - Filling up the DagBag from /opt/airflow/jfmmoduloairflow/dags/jfmpipeline.py
[2025-09-02T01:15:45.570+0000] {processor.py:925} INFO - DAG(s) 'JFM_Carrega_Dados_RAG' retrieved from /opt/airflow/jfmmoduloairflow/dags/jfmpipeline.py
[2025-09-02T01:15:45.607+0000] {logging_mixin.py:190} INFO - [2025-09-02T01:15:45.606+0000] {dag.py:3239} INFO - Sync 1 DAGs
[2025-09-02T01:15:45.636+0000] {logging_mixin.py:190} INFO - [2025-09-02T01:15:45.636+0000] {dag.py:4180} INFO - Setting next_dagrun for JFM_Carrega_Dados_RAG to 2025-09-02 00:00:00+00:00, run_after=2025-09-03 00:00:00+00:00
[2025-09-02T01:15:45.665+0000] {processor.py:208} INFO - Processing /opt/airflow/jfmmoduloairflow/dags/jfmpipeline.py took 1.037 seconds
[2025-09-02T01:16:15.996+0000] {processor.py:186} INFO - Started process (PID=427) to work on /opt/airflow/jfmmoduloairflow/dags/jfmpipeline.py
[2025-09-02T01:16:15.998+0000] {processor.py:914} INFO - Processing file /opt/airflow/jfmmoduloairflow/dags/jfmpipeline.py for tasks to queue
[2025-09-02T01:16:16.002+0000] {logging_mixin.py:190} INFO - [2025-09-02T01:16:16.001+0000] {dagbag.py:588} INFO - Filling up the DagBag from /opt/airflow/jfmmoduloairflow/dags/jfmpipeline.py
[2025-09-02T01:16:16.998+0000] {processor.py:925} INFO - DAG(s) 'JFM_Carrega_Dados_RAG' retrieved from /opt/airflow/jfmmoduloairflow/dags/jfmpipeline.py
[2025-09-02T01:16:17.028+0000] {logging_mixin.py:190} INFO - [2025-09-02T01:16:17.028+0000] {dag.py:3239} INFO - Sync 1 DAGs
[2025-09-02T01:16:17.060+0000] {logging_mixin.py:190} INFO - [2025-09-02T01:16:17.059+0000] {dag.py:4180} INFO - Setting next_dagrun for JFM_Carrega_Dados_RAG to 2025-09-02 00:00:00+00:00, run_after=2025-09-03 00:00:00+00:00
[2025-09-02T01:16:17.084+0000] {processor.py:208} INFO - Processing /opt/airflow/jfmmoduloairflow/dags/jfmpipeline.py took 1.097 seconds
[2025-09-02T01:16:47.409+0000] {processor.py:186} INFO - Started process (PID=433) to work on /opt/airflow/jfmmoduloairflow/dags/jfmpipeline.py
[2025-09-02T01:16:47.410+0000] {processor.py:914} INFO - Processing file /opt/airflow/jfmmoduloairflow/dags/jfmpipeline.py for tasks to queue
[2025-09-02T01:16:47.413+0000] {logging_mixin.py:190} INFO - [2025-09-02T01:16:47.413+0000] {dagbag.py:588} INFO - Filling up the DagBag from /opt/airflow/jfmmoduloairflow/dags/jfmpipeline.py
[2025-09-02T01:16:48.165+0000] {processor.py:925} INFO - DAG(s) 'JFM_Carrega_Dados_RAG' retrieved from /opt/airflow/jfmmoduloairflow/dags/jfmpipeline.py
[2025-09-02T01:16:48.186+0000] {logging_mixin.py:190} INFO - [2025-09-02T01:16:48.186+0000] {dag.py:3239} INFO - Sync 1 DAGs
[2025-09-02T01:16:48.209+0000] {logging_mixin.py:190} INFO - [2025-09-02T01:16:48.209+0000] {dag.py:4180} INFO - Setting next_dagrun for JFM_Carrega_Dados_RAG to 2025-09-02 00:00:00+00:00, run_after=2025-09-03 00:00:00+00:00
[2025-09-02T01:16:48.230+0000] {processor.py:208} INFO - Processing /opt/airflow/jfmmoduloairflow/dags/jfmpipeline.py took 0.828 seconds
[2025-09-02T01:17:18.989+0000] {processor.py:186} INFO - Started process (PID=439) to work on /opt/airflow/jfmmoduloairflow/dags/jfmpipeline.py
[2025-09-02T01:17:18.991+0000] {processor.py:914} INFO - Processing file /opt/airflow/jfmmoduloairflow/dags/jfmpipeline.py for tasks to queue
[2025-09-02T01:17:18.997+0000] {logging_mixin.py:190} INFO - [2025-09-02T01:17:18.996+0000] {dagbag.py:588} INFO - Filling up the DagBag from /opt/airflow/jfmmoduloairflow/dags/jfmpipeline.py
[2025-09-02T01:17:21.051+0000] {processor.py:925} INFO - DAG(s) 'JFM_Carrega_Dados_RAG' retrieved from /opt/airflow/jfmmoduloairflow/dags/jfmpipeline.py
[2025-09-02T01:17:21.101+0000] {logging_mixin.py:190} INFO - [2025-09-02T01:17:21.100+0000] {dag.py:3239} INFO - Sync 1 DAGs
[2025-09-02T01:17:21.149+0000] {logging_mixin.py:190} INFO - [2025-09-02T01:17:21.149+0000] {dag.py:4180} INFO - Setting next_dagrun for JFM_Carrega_Dados_RAG to 2025-09-02 00:00:00+00:00, run_after=2025-09-03 00:00:00+00:00
[2025-09-02T01:17:21.188+0000] {processor.py:208} INFO - Processing /opt/airflow/jfmmoduloairflow/dags/jfmpipeline.py took 2.211 seconds
[2025-09-02T01:17:51.359+0000] {processor.py:186} INFO - Started process (PID=445) to work on /opt/airflow/jfmmoduloairflow/dags/jfmpipeline.py
[2025-09-02T01:17:51.363+0000] {processor.py:914} INFO - Processing file /opt/airflow/jfmmoduloairflow/dags/jfmpipeline.py for tasks to queue
[2025-09-02T01:17:51.367+0000] {logging_mixin.py:190} INFO - [2025-09-02T01:17:51.366+0000] {dagbag.py:588} INFO - Filling up the DagBag from /opt/airflow/jfmmoduloairflow/dags/jfmpipeline.py
[2025-09-02T01:17:52.332+0000] {processor.py:925} INFO - DAG(s) 'JFM_Carrega_Dados_RAG' retrieved from /opt/airflow/jfmmoduloairflow/dags/jfmpipeline.py
[2025-09-02T01:17:52.369+0000] {logging_mixin.py:190} INFO - [2025-09-02T01:17:52.368+0000] {dag.py:3239} INFO - Sync 1 DAGs
[2025-09-02T01:17:52.415+0000] {logging_mixin.py:190} INFO - [2025-09-02T01:17:52.415+0000] {dag.py:4180} INFO - Setting next_dagrun for JFM_Carrega_Dados_RAG to 2025-09-02 00:00:00+00:00, run_after=2025-09-03 00:00:00+00:00
[2025-09-02T01:17:52.438+0000] {processor.py:208} INFO - Processing /opt/airflow/jfmmoduloairflow/dags/jfmpipeline.py took 1.090 seconds
[2025-09-02T01:18:22.758+0000] {processor.py:186} INFO - Started process (PID=451) to work on /opt/airflow/jfmmoduloairflow/dags/jfmpipeline.py
[2025-09-02T01:18:22.763+0000] {processor.py:914} INFO - Processing file /opt/airflow/jfmmoduloairflow/dags/jfmpipeline.py for tasks to queue
[2025-09-02T01:18:22.796+0000] {logging_mixin.py:190} INFO - [2025-09-02T01:18:22.792+0000] {dagbag.py:588} INFO - Filling up the DagBag from /opt/airflow/jfmmoduloairflow/dags/jfmpipeline.py
[2025-09-02T01:18:24.554+0000] {processor.py:925} INFO - DAG(s) 'JFM_Carrega_Dados_RAG' retrieved from /opt/airflow/jfmmoduloairflow/dags/jfmpipeline.py
[2025-09-02T01:18:24.600+0000] {logging_mixin.py:190} INFO - [2025-09-02T01:18:24.600+0000] {dag.py:3239} INFO - Sync 1 DAGs
[2025-09-02T01:18:24.640+0000] {logging_mixin.py:190} INFO - [2025-09-02T01:18:24.639+0000] {dag.py:4180} INFO - Setting next_dagrun for JFM_Carrega_Dados_RAG to 2025-09-02 00:00:00+00:00, run_after=2025-09-03 00:00:00+00:00
[2025-09-02T01:18:24.675+0000] {processor.py:208} INFO - Processing /opt/airflow/jfmmoduloairflow/dags/jfmpipeline.py took 1.937 seconds
[2025-09-02T01:18:55.473+0000] {processor.py:186} INFO - Started process (PID=457) to work on /opt/airflow/jfmmoduloairflow/dags/jfmpipeline.py
[2025-09-02T01:18:55.474+0000] {processor.py:914} INFO - Processing file /opt/airflow/jfmmoduloairflow/dags/jfmpipeline.py for tasks to queue
[2025-09-02T01:18:55.478+0000] {logging_mixin.py:190} INFO - [2025-09-02T01:18:55.477+0000] {dagbag.py:588} INFO - Filling up the DagBag from /opt/airflow/jfmmoduloairflow/dags/jfmpipeline.py
[2025-09-02T01:18:56.284+0000] {processor.py:925} INFO - DAG(s) 'JFM_Carrega_Dados_RAG' retrieved from /opt/airflow/jfmmoduloairflow/dags/jfmpipeline.py
[2025-09-02T01:18:56.308+0000] {logging_mixin.py:190} INFO - [2025-09-02T01:18:56.308+0000] {dag.py:3239} INFO - Sync 1 DAGs
[2025-09-02T01:18:56.334+0000] {logging_mixin.py:190} INFO - [2025-09-02T01:18:56.333+0000] {dag.py:4180} INFO - Setting next_dagrun for JFM_Carrega_Dados_RAG to 2025-09-02 00:00:00+00:00, run_after=2025-09-03 00:00:00+00:00
[2025-09-02T01:18:56.353+0000] {processor.py:208} INFO - Processing /opt/airflow/jfmmoduloairflow/dags/jfmpipeline.py took 0.887 seconds
[2025-09-02T01:19:26.755+0000] {processor.py:186} INFO - Started process (PID=463) to work on /opt/airflow/jfmmoduloairflow/dags/jfmpipeline.py
[2025-09-02T01:19:26.757+0000] {processor.py:914} INFO - Processing file /opt/airflow/jfmmoduloairflow/dags/jfmpipeline.py for tasks to queue
[2025-09-02T01:19:26.761+0000] {logging_mixin.py:190} INFO - [2025-09-02T01:19:26.761+0000] {dagbag.py:588} INFO - Filling up the DagBag from /opt/airflow/jfmmoduloairflow/dags/jfmpipeline.py
[2025-09-02T01:19:27.883+0000] {processor.py:925} INFO - DAG(s) 'JFM_Carrega_Dados_RAG' retrieved from /opt/airflow/jfmmoduloairflow/dags/jfmpipeline.py
[2025-09-02T01:19:27.924+0000] {logging_mixin.py:190} INFO - [2025-09-02T01:19:27.923+0000] {dag.py:3239} INFO - Sync 1 DAGs
[2025-09-02T01:19:27.962+0000] {logging_mixin.py:190} INFO - [2025-09-02T01:19:27.962+0000] {dag.py:4180} INFO - Setting next_dagrun for JFM_Carrega_Dados_RAG to 2025-09-02 00:00:00+00:00, run_after=2025-09-03 00:00:00+00:00
[2025-09-02T01:19:27.993+0000] {processor.py:208} INFO - Processing /opt/airflow/jfmmoduloairflow/dags/jfmpipeline.py took 1.248 seconds
[2025-09-02T01:19:58.191+0000] {processor.py:186} INFO - Started process (PID=469) to work on /opt/airflow/jfmmoduloairflow/dags/jfmpipeline.py
[2025-09-02T01:19:58.194+0000] {processor.py:914} INFO - Processing file /opt/airflow/jfmmoduloairflow/dags/jfmpipeline.py for tasks to queue
[2025-09-02T01:19:58.198+0000] {logging_mixin.py:190} INFO - [2025-09-02T01:19:58.198+0000] {dagbag.py:588} INFO - Filling up the DagBag from /opt/airflow/jfmmoduloairflow/dags/jfmpipeline.py
[2025-09-02T01:19:59.245+0000] {processor.py:925} INFO - DAG(s) 'JFM_Carrega_Dados_RAG' retrieved from /opt/airflow/jfmmoduloairflow/dags/jfmpipeline.py
[2025-09-02T01:19:59.286+0000] {logging_mixin.py:190} INFO - [2025-09-02T01:19:59.285+0000] {dag.py:3239} INFO - Sync 1 DAGs
[2025-09-02T01:19:59.321+0000] {logging_mixin.py:190} INFO - [2025-09-02T01:19:59.321+0000] {dag.py:4180} INFO - Setting next_dagrun for JFM_Carrega_Dados_RAG to 2025-09-02 00:00:00+00:00, run_after=2025-09-03 00:00:00+00:00
[2025-09-02T01:19:59.347+0000] {processor.py:208} INFO - Processing /opt/airflow/jfmmoduloairflow/dags/jfmpipeline.py took 1.166 seconds
[2025-09-02T01:20:29.719+0000] {processor.py:186} INFO - Started process (PID=475) to work on /opt/airflow/jfmmoduloairflow/dags/jfmpipeline.py
[2025-09-02T01:20:29.721+0000] {processor.py:914} INFO - Processing file /opt/airflow/jfmmoduloairflow/dags/jfmpipeline.py for tasks to queue
[2025-09-02T01:20:29.725+0000] {logging_mixin.py:190} INFO - [2025-09-02T01:20:29.725+0000] {dagbag.py:588} INFO - Filling up the DagBag from /opt/airflow/jfmmoduloairflow/dags/jfmpipeline.py
[2025-09-02T01:20:31.057+0000] {processor.py:925} INFO - DAG(s) 'JFM_Carrega_Dados_RAG' retrieved from /opt/airflow/jfmmoduloairflow/dags/jfmpipeline.py
[2025-09-02T01:20:31.116+0000] {logging_mixin.py:190} INFO - [2025-09-02T01:20:31.115+0000] {dag.py:3239} INFO - Sync 1 DAGs
[2025-09-02T01:20:31.164+0000] {logging_mixin.py:190} INFO - [2025-09-02T01:20:31.163+0000] {dag.py:4180} INFO - Setting next_dagrun for JFM_Carrega_Dados_RAG to 2025-09-02 00:00:00+00:00, run_after=2025-09-03 00:00:00+00:00
[2025-09-02T01:20:31.207+0000] {processor.py:208} INFO - Processing /opt/airflow/jfmmoduloairflow/dags/jfmpipeline.py took 1.500 seconds
[2025-09-02T01:21:02.162+0000] {processor.py:186} INFO - Started process (PID=481) to work on /opt/airflow/jfmmoduloairflow/dags/jfmpipeline.py
[2025-09-02T01:21:02.164+0000] {processor.py:914} INFO - Processing file /opt/airflow/jfmmoduloairflow/dags/jfmpipeline.py for tasks to queue
[2025-09-02T01:21:02.170+0000] {logging_mixin.py:190} INFO - [2025-09-02T01:21:02.170+0000] {dagbag.py:588} INFO - Filling up the DagBag from /opt/airflow/jfmmoduloairflow/dags/jfmpipeline.py
[2025-09-02T01:21:04.226+0000] {processor.py:925} INFO - DAG(s) 'JFM_Carrega_Dados_RAG' retrieved from /opt/airflow/jfmmoduloairflow/dags/jfmpipeline.py
[2025-09-02T01:21:04.399+0000] {logging_mixin.py:190} INFO - [2025-09-02T01:21:04.398+0000] {dag.py:3239} INFO - Sync 1 DAGs
[2025-09-02T01:21:04.436+0000] {logging_mixin.py:190} INFO - [2025-09-02T01:21:04.435+0000] {dag.py:4180} INFO - Setting next_dagrun for JFM_Carrega_Dados_RAG to 2025-09-02 00:00:00+00:00, run_after=2025-09-03 00:00:00+00:00
[2025-09-02T01:21:04.540+0000] {processor.py:208} INFO - Processing /opt/airflow/jfmmoduloairflow/dags/jfmpipeline.py took 2.392 seconds
