[2025-09-02T00:52:00.851+0000] {manager.py:483} INFO - Processing files using up to 2 processes at a time 
[2025-09-02T00:52:00.853+0000] {manager.py:484} INFO - Process each file at most once every 30 seconds
[2025-09-02T00:52:00.854+0000] {manager.py:485} INFO - Checking for new files in /opt/airflow/jfmmoduloairflow/dags every 300 seconds
[2025-09-02T00:52:00.855+0000] {manager.py:821} INFO - Searching for files in /opt/airflow/jfmmoduloairflow/dags
[2025-09-02T00:52:06.866+0000] {manager.py:824} INFO - There are 1 files in /opt/airflow/jfmmoduloairflow/dags
[2025-09-02T00:52:10.173+0000] {manager.py:997} INFO - 
================================================================================
DAG File Processing Stats

File Path                                            PID  Runtime      # DAGs    # Errors  Last Runtime    Last Run      Last # of DB Queries
-------------------------------------------------  -----  ---------  --------  ----------  --------------  ----------  ----------------------
/opt/airflow/jfmmoduloairflow/dags/jfmpipeline.py    165  1.42s             0           0                                                   0
================================================================================
[2025-09-02T00:52:40.993+0000] {manager.py:997} INFO - 
================================================================================
DAG File Processing Stats

File Path                                            PID  Runtime      # DAGs    # Errors  Last Runtime    Last Run      Last # of DB Queries
-------------------------------------------------  -----  ---------  --------  ----------  --------------  ----------  ----------------------
/opt/airflow/jfmmoduloairflow/dags/jfmpipeline.py    165  32.38s            0           0                                                   0
================================================================================
[2025-09-02T00:53:11.875+0000] {manager.py:997} INFO - 
================================================================================
DAG File Processing Stats

File Path                                          PID    Runtime      # DAGs    # Errors  Last Runtime    Last Run               Last # of DB Queries
-------------------------------------------------  -----  ---------  --------  ----------  --------------  -------------------  ----------------------
/opt/airflow/jfmmoduloairflow/dags/jfmpipeline.py                           0           1  35.07s          2025-09-02T00:52:43                       3
================================================================================
[2025-09-02T00:53:41.942+0000] {manager.py:997} INFO - 
================================================================================
DAG File Processing Stats

File Path                                          PID    Runtime      # DAGs    # Errors  Last Runtime    Last Run               Last # of DB Queries
-------------------------------------------------  -----  ---------  --------  ----------  --------------  -------------------  ----------------------
/opt/airflow/jfmmoduloairflow/dags/jfmpipeline.py                           1           0  24.64s          2025-09-02T00:53:38                      45
================================================================================
[2025-09-02T00:54:12.353+0000] {manager.py:997} INFO - 
================================================================================
DAG File Processing Stats

File Path                                            PID  Runtime      # DAGs    # Errors  Last Runtime    Last Run               Last # of DB Queries
-------------------------------------------------  -----  ---------  --------  ----------  --------------  -------------------  ----------------------
/opt/airflow/jfmmoduloairflow/dags/jfmpipeline.py    177  3.25s             1           0  24.64s          2025-09-02T00:53:38                      45
================================================================================
[2025-09-02T00:54:42.967+0000] {manager.py:997} INFO - 
================================================================================
DAG File Processing Stats

File Path                                          PID    Runtime      # DAGs    # Errors  Last Runtime    Last Run               Last # of DB Queries
-------------------------------------------------  -----  ---------  --------  ----------  --------------  -------------------  ----------------------
/opt/airflow/jfmmoduloairflow/dags/jfmpipeline.py                           1           0  9.81s           2025-09-02T00:54:18                      12
================================================================================
[2025-09-02T00:55:13.839+0000] {manager.py:997} INFO - 
================================================================================
DAG File Processing Stats

File Path                                          PID    Runtime      # DAGs    # Errors  Last Runtime    Last Run               Last # of DB Queries
-------------------------------------------------  -----  ---------  --------  ----------  --------------  -------------------  ----------------------
/opt/airflow/jfmmoduloairflow/dags/jfmpipeline.py                           1           0  17.26s          2025-09-02T00:55:06                      12
================================================================================
[2025-09-02T00:55:44.484+0000] {manager.py:997} INFO - 
================================================================================
DAG File Processing Stats

File Path                                            PID  Runtime      # DAGs    # Errors  Last Runtime    Last Run               Last # of DB Queries
-------------------------------------------------  -----  ---------  --------  ----------  --------------  -------------------  ----------------------
/opt/airflow/jfmmoduloairflow/dags/jfmpipeline.py    189  6.28s             1           0  17.26s          2025-09-02T00:55:06                      12
================================================================================
[2025-09-02T00:56:14.556+0000] {manager.py:997} INFO - 
================================================================================
DAG File Processing Stats

File Path                                          PID    Runtime      # DAGs    # Errors  Last Runtime    Last Run               Last # of DB Queries
-------------------------------------------------  -----  ---------  --------  ----------  --------------  -------------------  ----------------------
/opt/airflow/jfmmoduloairflow/dags/jfmpipeline.py                           1           0  23.29s          2025-09-02T00:56:01                      12
================================================================================
[2025-09-02T00:56:44.786+0000] {manager.py:997} INFO - 
================================================================================
DAG File Processing Stats

File Path                                          PID    Runtime      # DAGs    # Errors  Last Runtime    Last Run               Last # of DB Queries
-------------------------------------------------  -----  ---------  --------  ----------  --------------  -------------------  ----------------------
/opt/airflow/jfmmoduloairflow/dags/jfmpipeline.py                           1           0  3.46s           2025-09-02T00:56:35                      12
================================================================================
[2025-09-02T00:57:01.095+0000] {manager.py:821} INFO - Searching for files in /opt/airflow/jfmmoduloairflow/dags
[2025-09-02T00:57:01.478+0000] {manager.py:824} INFO - There are 1 files in /opt/airflow/jfmmoduloairflow/dags
[2025-09-02T00:57:15.153+0000] {manager.py:997} INFO - 
================================================================================
DAG File Processing Stats

File Path                                          PID    Runtime      # DAGs    # Errors  Last Runtime    Last Run               Last # of DB Queries
-------------------------------------------------  -----  ---------  --------  ----------  --------------  -------------------  ----------------------
/opt/airflow/jfmmoduloairflow/dags/jfmpipeline.py                           1           0  3.23s           2025-09-02T00:57:08                      12
================================================================================
[2025-09-02T00:57:45.492+0000] {manager.py:997} INFO - 
================================================================================
DAG File Processing Stats

File Path                                          PID    Runtime      # DAGs    # Errors  Last Runtime    Last Run               Last # of DB Queries
-------------------------------------------------  -----  ---------  --------  ----------  --------------  -------------------  ----------------------
/opt/airflow/jfmmoduloairflow/dags/jfmpipeline.py                           1           0  3.69s           2025-09-02T00:57:43                      12
================================================================================
[2025-09-02T00:58:15.655+0000] {manager.py:997} INFO - 
================================================================================
DAG File Processing Stats

File Path                                            PID  Runtime      # DAGs    # Errors  Last Runtime    Last Run               Last # of DB Queries
-------------------------------------------------  -----  ---------  --------  ----------  --------------  -------------------  ----------------------
/opt/airflow/jfmmoduloairflow/dags/jfmpipeline.py    213  2.11s             1           0  3.69s           2025-09-02T00:57:43                      12
================================================================================
[2025-09-02T00:58:46.225+0000] {manager.py:997} INFO - 
================================================================================
DAG File Processing Stats

File Path                                          PID    Runtime      # DAGs    # Errors  Last Runtime    Last Run               Last # of DB Queries
-------------------------------------------------  -----  ---------  --------  ----------  --------------  -------------------  ----------------------
/opt/airflow/jfmmoduloairflow/dags/jfmpipeline.py                           1           0  3.92s           2025-09-02T00:58:17                      12
================================================================================
[2025-09-02T00:59:16.332+0000] {manager.py:997} INFO - 
================================================================================
DAG File Processing Stats

File Path                                          PID    Runtime      # DAGs    # Errors  Last Runtime    Last Run               Last # of DB Queries
-------------------------------------------------  -----  ---------  --------  ----------  --------------  -------------------  ----------------------
/opt/airflow/jfmmoduloairflow/dags/jfmpipeline.py                           1           0  7.82s           2025-09-02T00:58:56                      12
================================================================================
[2025-09-02T00:59:47.032+0000] {manager.py:997} INFO - 
================================================================================
DAG File Processing Stats

File Path                                          PID    Runtime      # DAGs    # Errors  Last Runtime    Last Run               Last # of DB Queries
-------------------------------------------------  -----  ---------  --------  ----------  --------------  -------------------  ----------------------
/opt/airflow/jfmmoduloairflow/dags/jfmpipeline.py                           1           0  1.87s           2025-09-02T00:59:28                      12
================================================================================
[2025-09-02T01:00:17.202+0000] {manager.py:997} INFO - 
================================================================================
DAG File Processing Stats

File Path                                          PID    Runtime      # DAGs    # Errors  Last Runtime    Last Run               Last # of DB Queries
-------------------------------------------------  -----  ---------  --------  ----------  --------------  -------------------  ----------------------
/opt/airflow/jfmmoduloairflow/dags/jfmpipeline.py                           1           0  6.60s           2025-09-02T01:00:04                      12
================================================================================
[2025-09-02T01:00:47.211+0000] {manager.py:997} INFO - 
================================================================================
DAG File Processing Stats

File Path                                          PID    Runtime      # DAGs    # Errors  Last Runtime    Last Run               Last # of DB Queries
-------------------------------------------------  -----  ---------  --------  ----------  --------------  -------------------  ----------------------
/opt/airflow/jfmmoduloairflow/dags/jfmpipeline.py                           1           0  11.80s          2025-09-02T01:00:47                      12
================================================================================
[2025-09-02T01:01:17.724+0000] {manager.py:997} INFO - 
================================================================================
DAG File Processing Stats

File Path                                            PID  Runtime      # DAGs    # Errors  Last Runtime    Last Run               Last # of DB Queries
-------------------------------------------------  -----  ---------  --------  ----------  --------------  -------------------  ----------------------
/opt/airflow/jfmmoduloairflow/dags/jfmpipeline.py    243  0.01s             1           0  11.80s          2025-09-02T01:00:47                      12
================================================================================
[2025-09-02T01:01:47.731+0000] {manager.py:997} INFO - 
================================================================================
DAG File Processing Stats

File Path                                          PID    Runtime      # DAGs    # Errors  Last Runtime    Last Run               Last # of DB Queries
-------------------------------------------------  -----  ---------  --------  ----------  --------------  -------------------  ----------------------
/opt/airflow/jfmmoduloairflow/dags/jfmpipeline.py                           1           0  1.71s           2025-09-02T01:01:19                      12
================================================================================
[2025-09-02T01:02:01.255+0000] {manager.py:821} INFO - Searching for files in /opt/airflow/jfmmoduloairflow/dags
[2025-09-02T01:02:01.520+0000] {manager.py:824} INFO - There are 1 files in /opt/airflow/jfmmoduloairflow/dags
[2025-09-02T01:02:17.775+0000] {manager.py:997} INFO - 
================================================================================
DAG File Processing Stats

File Path                                          PID    Runtime      # DAGs    # Errors  Last Runtime    Last Run               Last # of DB Queries
-------------------------------------------------  -----  ---------  --------  ----------  --------------  -------------------  ----------------------
/opt/airflow/jfmmoduloairflow/dags/jfmpipeline.py                           1           0  2.67s           2025-09-02T01:01:52                      12
================================================================================
[2025-09-02T01:02:48.549+0000] {manager.py:997} INFO - 
================================================================================
DAG File Processing Stats

File Path                                          PID    Runtime      # DAGs    # Errors  Last Runtime    Last Run               Last # of DB Queries
-------------------------------------------------  -----  ---------  --------  ----------  --------------  -------------------  ----------------------
/opt/airflow/jfmmoduloairflow/dags/jfmpipeline.py                           1           0  2.08s           2025-09-02T01:02:24                      12
================================================================================
[2025-09-02T01:03:19.350+0000] {manager.py:997} INFO - 
================================================================================
DAG File Processing Stats

File Path                                          PID    Runtime      # DAGs    # Errors  Last Runtime    Last Run               Last # of DB Queries
-------------------------------------------------  -----  ---------  --------  ----------  --------------  -------------------  ----------------------
/opt/airflow/jfmmoduloairflow/dags/jfmpipeline.py                           1           0  6.03s           2025-09-02T01:03:01                      12
================================================================================
[2025-09-02T01:03:49.709+0000] {manager.py:997} INFO - 
================================================================================
DAG File Processing Stats

File Path                                          PID    Runtime      # DAGs    # Errors  Last Runtime    Last Run               Last # of DB Queries
-------------------------------------------------  -----  ---------  --------  ----------  --------------  -------------------  ----------------------
/opt/airflow/jfmmoduloairflow/dags/jfmpipeline.py                           1           0  1.72s           2025-09-02T01:03:33                      12
================================================================================
[2025-09-02T01:04:20.509+0000] {manager.py:997} INFO - 
================================================================================
DAG File Processing Stats

File Path                                          PID    Runtime      # DAGs    # Errors  Last Runtime    Last Run               Last # of DB Queries
-------------------------------------------------  -----  ---------  --------  ----------  --------------  -------------------  ----------------------
/opt/airflow/jfmmoduloairflow/dags/jfmpipeline.py                           1           0  1.59s           2025-09-02T01:04:05                      12
================================================================================
[2025-09-02T01:04:50.982+0000] {manager.py:997} INFO - 
================================================================================
DAG File Processing Stats

File Path                                          PID    Runtime      # DAGs    # Errors  Last Runtime    Last Run               Last # of DB Queries
-------------------------------------------------  -----  ---------  --------  ----------  --------------  -------------------  ----------------------
/opt/airflow/jfmmoduloairflow/dags/jfmpipeline.py                           1           0  1.44s           2025-09-02T01:04:37                      12
================================================================================
[2025-09-02T01:05:21.229+0000] {manager.py:997} INFO - 
================================================================================
DAG File Processing Stats

File Path                                          PID    Runtime      # DAGs    # Errors  Last Runtime    Last Run               Last # of DB Queries
-------------------------------------------------  -----  ---------  --------  ----------  --------------  -------------------  ----------------------
/opt/airflow/jfmmoduloairflow/dags/jfmpipeline.py                           1           0  1.96s           2025-09-02T01:05:09                      12
================================================================================
[2025-09-02T01:05:51.929+0000] {manager.py:997} INFO - 
================================================================================
DAG File Processing Stats

File Path                                          PID    Runtime      # DAGs    # Errors  Last Runtime    Last Run               Last # of DB Queries
-------------------------------------------------  -----  ---------  --------  ----------  --------------  -------------------  ----------------------
/opt/airflow/jfmmoduloairflow/dags/jfmpipeline.py                           1           0  1.53s           2025-09-02T01:05:40                      12
================================================================================
[2025-09-02T01:06:22.181+0000] {manager.py:997} INFO - 
================================================================================
DAG File Processing Stats

File Path                                          PID    Runtime      # DAGs    # Errors  Last Runtime    Last Run               Last # of DB Queries
-------------------------------------------------  -----  ---------  --------  ----------  --------------  -------------------  ----------------------
/opt/airflow/jfmmoduloairflow/dags/jfmpipeline.py                           1           0  0.92s           2025-09-02T01:06:12                      12
================================================================================
[2025-09-02T01:06:52.550+0000] {manager.py:997} INFO - 
================================================================================
DAG File Processing Stats

File Path                                          PID    Runtime      # DAGs    # Errors  Last Runtime    Last Run               Last # of DB Queries
-------------------------------------------------  -----  ---------  --------  ----------  --------------  -------------------  ----------------------
/opt/airflow/jfmmoduloairflow/dags/jfmpipeline.py                           1           0  1.03s           2025-09-02T01:06:43                      12
================================================================================
[2025-09-02T01:07:01.630+0000] {manager.py:821} INFO - Searching for files in /opt/airflow/jfmmoduloairflow/dags
[2025-09-02T01:07:01.891+0000] {manager.py:824} INFO - There are 1 files in /opt/airflow/jfmmoduloairflow/dags
[2025-09-02T01:07:23.012+0000] {manager.py:997} INFO - 
================================================================================
DAG File Processing Stats

File Path                                          PID    Runtime      # DAGs    # Errors  Last Runtime    Last Run               Last # of DB Queries
-------------------------------------------------  -----  ---------  --------  ----------  --------------  -------------------  ----------------------
/opt/airflow/jfmmoduloairflow/dags/jfmpipeline.py                           1           0  2.55s           2025-09-02T01:07:16                      12
================================================================================
[2025-09-02T01:07:53.398+0000] {manager.py:997} INFO - 
================================================================================
DAG File Processing Stats

File Path                                          PID    Runtime      # DAGs    # Errors  Last Runtime    Last Run               Last # of DB Queries
-------------------------------------------------  -----  ---------  --------  ----------  --------------  -------------------  ----------------------
/opt/airflow/jfmmoduloairflow/dags/jfmpipeline.py                           1           0  1.98s           2025-09-02T01:07:49                      12
================================================================================
[2025-09-02T01:08:23.763+0000] {manager.py:997} INFO - 
================================================================================
DAG File Processing Stats

File Path                                          PID    Runtime      # DAGs    # Errors  Last Runtime    Last Run               Last # of DB Queries
-------------------------------------------------  -----  ---------  --------  ----------  --------------  -------------------  ----------------------
/opt/airflow/jfmmoduloairflow/dags/jfmpipeline.py                           1           0  1.06s           2025-09-02T01:08:20                      12
================================================================================
[2025-09-02T01:08:53.940+0000] {manager.py:997} INFO - 
================================================================================
DAG File Processing Stats

File Path                                          PID    Runtime      # DAGs    # Errors  Last Runtime    Last Run               Last # of DB Queries
-------------------------------------------------  -----  ---------  --------  ----------  --------------  -------------------  ----------------------
/opt/airflow/jfmmoduloairflow/dags/jfmpipeline.py                           1           0  1.80s           2025-09-02T01:08:52                      12
================================================================================
[2025-09-02T01:09:24.276+0000] {manager.py:997} INFO - 
================================================================================
DAG File Processing Stats

File Path                                            PID  Runtime      # DAGs    # Errors  Last Runtime    Last Run               Last # of DB Queries
-------------------------------------------------  -----  ---------  --------  ----------  --------------  -------------------  ----------------------
/opt/airflow/jfmmoduloairflow/dags/jfmpipeline.py    349  1.02s             1           0  1.80s           2025-09-02T01:08:52                      12
================================================================================
[2025-09-02T01:09:54.601+0000] {manager.py:997} INFO - 
================================================================================
DAG File Processing Stats

File Path                                          PID    Runtime      # DAGs    # Errors  Last Runtime    Last Run               Last # of DB Queries
-------------------------------------------------  -----  ---------  --------  ----------  --------------  -------------------  ----------------------
/opt/airflow/jfmmoduloairflow/dags/jfmpipeline.py                           1           0  2.30s           2025-09-02T01:09:25                      12
================================================================================
[2025-09-02T01:10:24.816+0000] {manager.py:997} INFO - 
================================================================================
DAG File Processing Stats

File Path                                          PID    Runtime      # DAGs    # Errors  Last Runtime    Last Run               Last # of DB Queries
-------------------------------------------------  -----  ---------  --------  ----------  --------------  -------------------  ----------------------
/opt/airflow/jfmmoduloairflow/dags/jfmpipeline.py                           1           0  1.85s           2025-09-02T01:09:57                      12
================================================================================
[2025-09-02T01:10:54.993+0000] {manager.py:997} INFO - 
================================================================================
DAG File Processing Stats

File Path                                          PID    Runtime      # DAGs    # Errors  Last Runtime    Last Run               Last # of DB Queries
-------------------------------------------------  -----  ---------  --------  ----------  --------------  -------------------  ----------------------
/opt/airflow/jfmmoduloairflow/dags/jfmpipeline.py                           1           0  0.83s           2025-09-02T01:10:28                      12
================================================================================
[2025-09-02T01:11:25.264+0000] {manager.py:997} INFO - 
================================================================================
DAG File Processing Stats

File Path                                          PID    Runtime      # DAGs    # Errors  Last Runtime    Last Run               Last # of DB Queries
-------------------------------------------------  -----  ---------  --------  ----------  --------------  -------------------  ----------------------
/opt/airflow/jfmmoduloairflow/dags/jfmpipeline.py                           1           0  1.13s           2025-09-02T01:11:00                      12
================================================================================
[2025-09-02T01:11:55.697+0000] {manager.py:997} INFO - 
================================================================================
DAG File Processing Stats

File Path                                          PID    Runtime      # DAGs    # Errors  Last Runtime    Last Run               Last # of DB Queries
-------------------------------------------------  -----  ---------  --------  ----------  --------------  -------------------  ----------------------
/opt/airflow/jfmmoduloairflow/dags/jfmpipeline.py                           1           0  1.28s           2025-09-02T01:11:31                      12
================================================================================
[2025-09-02T01:12:01.767+0000] {manager.py:821} INFO - Searching for files in /opt/airflow/jfmmoduloairflow/dags
[2025-09-02T01:12:02.016+0000] {manager.py:824} INFO - There are 1 files in /opt/airflow/jfmmoduloairflow/dags
[2025-09-02T01:12:26.334+0000] {manager.py:997} INFO - 
================================================================================
DAG File Processing Stats

File Path                                          PID    Runtime      # DAGs    # Errors  Last Runtime    Last Run               Last # of DB Queries
-------------------------------------------------  -----  ---------  --------  ----------  --------------  -------------------  ----------------------
/opt/airflow/jfmmoduloairflow/dags/jfmpipeline.py                           1           0  2.11s           2025-09-02T01:12:04                      12
================================================================================
[2025-09-02T01:12:56.762+0000] {manager.py:997} INFO - 
================================================================================
DAG File Processing Stats

File Path                                          PID    Runtime      # DAGs    # Errors  Last Runtime    Last Run               Last # of DB Queries
-------------------------------------------------  -----  ---------  --------  ----------  --------------  -------------------  ----------------------
/opt/airflow/jfmmoduloairflow/dags/jfmpipeline.py                           1           0  1.02s           2025-09-02T01:12:35                      12
================================================================================
[2025-09-02T01:13:26.821+0000] {manager.py:997} INFO - 
================================================================================
DAG File Processing Stats

File Path                                          PID    Runtime      # DAGs    # Errors  Last Runtime    Last Run               Last # of DB Queries
-------------------------------------------------  -----  ---------  --------  ----------  --------------  -------------------  ----------------------
/opt/airflow/jfmmoduloairflow/dags/jfmpipeline.py                           1           0  1.69s           2025-09-02T01:13:07                      12
================================================================================
[2025-09-02T01:13:57.205+0000] {manager.py:997} INFO - 
================================================================================
DAG File Processing Stats

File Path                                          PID    Runtime      # DAGs    # Errors  Last Runtime    Last Run               Last # of DB Queries
-------------------------------------------------  -----  ---------  --------  ----------  --------------  -------------------  ----------------------
/opt/airflow/jfmmoduloairflow/dags/jfmpipeline.py                           1           0  1.27s           2025-09-02T01:13:39                      12
================================================================================
[2025-09-02T01:14:27.764+0000] {manager.py:997} INFO - 
================================================================================
DAG File Processing Stats

File Path                                          PID    Runtime      # DAGs    # Errors  Last Runtime    Last Run               Last # of DB Queries
-------------------------------------------------  -----  ---------  --------  ----------  --------------  -------------------  ----------------------
/opt/airflow/jfmmoduloairflow/dags/jfmpipeline.py                           1           0  1.33s           2025-09-02T01:14:10                      12
================================================================================
[2025-09-02T01:14:58.070+0000] {manager.py:997} INFO - 
================================================================================
DAG File Processing Stats

File Path                                          PID    Runtime      # DAGs    # Errors  Last Runtime    Last Run               Last # of DB Queries
-------------------------------------------------  -----  ---------  --------  ----------  --------------  -------------------  ----------------------
/opt/airflow/jfmmoduloairflow/dags/jfmpipeline.py                           1           0  1.65s           2025-09-02T01:14:42                      12
================================================================================
[2025-09-02T01:15:28.395+0000] {manager.py:997} INFO - 
================================================================================
DAG File Processing Stats

File Path                                          PID    Runtime      # DAGs    # Errors  Last Runtime    Last Run               Last # of DB Queries
-------------------------------------------------  -----  ---------  --------  ----------  --------------  -------------------  ----------------------
/opt/airflow/jfmmoduloairflow/dags/jfmpipeline.py                           1           0  1.10s           2025-09-02T01:15:14                      12
================================================================================
[2025-09-02T01:15:58.762+0000] {manager.py:997} INFO - 
================================================================================
DAG File Processing Stats

File Path                                          PID    Runtime      # DAGs    # Errors  Last Runtime    Last Run               Last # of DB Queries
-------------------------------------------------  -----  ---------  --------  ----------  --------------  -------------------  ----------------------
/opt/airflow/jfmmoduloairflow/dags/jfmpipeline.py                           1           0  1.09s           2025-09-02T01:15:45                      12
================================================================================
[2025-09-02T01:16:29.114+0000] {manager.py:997} INFO - 
================================================================================
DAG File Processing Stats

File Path                                          PID    Runtime      # DAGs    # Errors  Last Runtime    Last Run               Last # of DB Queries
-------------------------------------------------  -----  ---------  --------  ----------  --------------  -------------------  ----------------------
/opt/airflow/jfmmoduloairflow/dags/jfmpipeline.py                           1           0  1.15s           2025-09-02T01:16:17                      12
================================================================================
[2025-09-02T01:16:59.430+0000] {manager.py:997} INFO - 
================================================================================
DAG File Processing Stats

File Path                                          PID    Runtime      # DAGs    # Errors  Last Runtime    Last Run               Last # of DB Queries
-------------------------------------------------  -----  ---------  --------  ----------  --------------  -------------------  ----------------------
/opt/airflow/jfmmoduloairflow/dags/jfmpipeline.py                           1           0  0.87s           2025-09-02T01:16:48                      12
================================================================================
[2025-09-02T01:17:02.486+0000] {manager.py:821} INFO - Searching for files in /opt/airflow/jfmmoduloairflow/dags
[2025-09-02T01:17:02.609+0000] {manager.py:824} INFO - There are 1 files in /opt/airflow/jfmmoduloairflow/dags
[2025-09-02T01:17:30.108+0000] {manager.py:997} INFO - 
================================================================================
DAG File Processing Stats

File Path                                          PID    Runtime      # DAGs    # Errors  Last Runtime    Last Run               Last # of DB Queries
-------------------------------------------------  -----  ---------  --------  ----------  --------------  -------------------  ----------------------
/opt/airflow/jfmmoduloairflow/dags/jfmpipeline.py                           1           0  2.31s           2025-09-02T01:17:21                      12
================================================================================
[2025-09-02T01:18:00.452+0000] {manager.py:997} INFO - 
================================================================================
DAG File Processing Stats

File Path                                          PID    Runtime      # DAGs    # Errors  Last Runtime    Last Run               Last # of DB Queries
-------------------------------------------------  -----  ---------  --------  ----------  --------------  -------------------  ----------------------
/opt/airflow/jfmmoduloairflow/dags/jfmpipeline.py                           1           0  1.15s           2025-09-02T01:17:52                      12
================================================================================
[2025-09-02T01:18:31.193+0000] {manager.py:997} INFO - 
================================================================================
DAG File Processing Stats

File Path                                          PID    Runtime      # DAGs    # Errors  Last Runtime    Last Run               Last # of DB Queries
-------------------------------------------------  -----  ---------  --------  ----------  --------------  -------------------  ----------------------
/opt/airflow/jfmmoduloairflow/dags/jfmpipeline.py                           1           0  2.02s           2025-09-02T01:18:24                      12
================================================================================
[2025-09-02T01:19:01.428+0000] {manager.py:997} INFO - 
================================================================================
DAG File Processing Stats

File Path                                          PID    Runtime      # DAGs    # Errors  Last Runtime    Last Run               Last # of DB Queries
-------------------------------------------------  -----  ---------  --------  ----------  --------------  -------------------  ----------------------
/opt/airflow/jfmmoduloairflow/dags/jfmpipeline.py                           1           0  0.93s           2025-09-02T01:18:56                      12
================================================================================
[2025-09-02T01:19:31.838+0000] {manager.py:997} INFO - 
================================================================================
DAG File Processing Stats

File Path                                          PID    Runtime      # DAGs    # Errors  Last Runtime    Last Run               Last # of DB Queries
-------------------------------------------------  -----  ---------  --------  ----------  --------------  -------------------  ----------------------
/opt/airflow/jfmmoduloairflow/dags/jfmpipeline.py                           1           0  1.31s           2025-09-02T01:19:28                      12
================================================================================
[2025-09-02T01:20:02.362+0000] {manager.py:997} INFO - 
================================================================================
DAG File Processing Stats

File Path                                          PID    Runtime      # DAGs    # Errors  Last Runtime    Last Run               Last # of DB Queries
-------------------------------------------------  -----  ---------  --------  ----------  --------------  -------------------  ----------------------
/opt/airflow/jfmmoduloairflow/dags/jfmpipeline.py                           1           0  1.23s           2025-09-02T01:19:59                      12
================================================================================
[2025-09-02T01:20:32.727+0000] {manager.py:997} INFO - 
================================================================================
DAG File Processing Stats

File Path                                          PID    Runtime      # DAGs    # Errors  Last Runtime    Last Run               Last # of DB Queries
-------------------------------------------------  -----  ---------  --------  ----------  --------------  -------------------  ----------------------
/opt/airflow/jfmmoduloairflow/dags/jfmpipeline.py                           1           0  1.56s           2025-09-02T01:20:31                      12
================================================================================
[2025-09-02T01:21:03.162+0000] {manager.py:997} INFO - 
================================================================================
DAG File Processing Stats

File Path                                            PID  Runtime      # DAGs    # Errors  Last Runtime    Last Run               Last # of DB Queries
-------------------------------------------------  -----  ---------  --------  ----------  --------------  -------------------  ----------------------
/opt/airflow/jfmmoduloairflow/dags/jfmpipeline.py    481  1.06s             1           0  1.56s           2025-09-02T01:20:31                      12
================================================================================
